Using pre-set license
Built from '2020.3/staging' branch; Version is '2020.3.16f1 (049d6eca3c44) revision 302446'; Using compiler version '192528614'; Build Type 'Release'
OS: 'Windows 10 Home; OS build 19042.1165; Version 2009; 64bit' Language: 'en' Physical Memory: 8043 MB
BatchMode: 1, IsHumanControllingUs: 0, StartBugReporterOnCrash: 0, Is64bit: 1, IsPro: 0

 COMMAND LINE ARGUMENTS:
C:\Program Files\Unity\Hub\Editor\2020.3.16f1\Editor\Unity.exe
-adb2
-batchMode
-noUpm
-name
AssetImportWorker0
-projectPath
C:/Users/Dangerous Hard/Desktop/Computer as Medium/Tutorial 1.5/Tutorial 1.5
-logFile
Logs/AssetImportWorker0.log
-srvPort
60180
Successfully changed project path to: C:/Users/Dangerous Hard/Desktop/Computer as Medium/Tutorial 1.5/Tutorial 1.5
C:/Users/Dangerous Hard/Desktop/Computer as Medium/Tutorial 1.5/Tutorial 1.5
Using Asset Import Pipeline V2.
Refreshing native plugins compatible for Editor in 41.71 ms, found 3 plugins.
Preloading 0 native plugins for Editor in 0.00 ms.
Initialize engine version: 2020.3.16f1 (049d6eca3c44)
[Subsystems] Discovering subsystems at path C:/Program Files/Unity/Hub/Editor/2020.3.16f1/Editor/Data/Resources/UnitySubsystems
[Subsystems] Discovering subsystems at path C:/Users/Dangerous Hard/Desktop/Computer as Medium/Tutorial 1.5/Tutorial 1.5/Assets
GfxDevice: creating device client; threaded=0
Direct3D:
    Version:  Direct3D 11.0 [level 11.1]
    Renderer: NVIDIA GeForce GTX 1060 6GB (ID=0x1b83)
    Vendor:   
    VRAM:     6052 MB
    Driver:   27.21.14.5730
Initialize mono
Mono path[0] = 'C:/Program Files/Unity/Hub/Editor/2020.3.16f1/Editor/Data/Managed'
Mono path[1] = 'C:/Program Files/Unity/Hub/Editor/2020.3.16f1/Editor/Data/MonoBleedingEdge/lib/mono/unityjit'
Mono config path = 'C:/Program Files/Unity/Hub/Editor/2020.3.16f1/Editor/Data/MonoBleedingEdge/etc'
Using monoOptions --debugger-agent=transport=dt_socket,embedding=1,server=y,suspend=n,address=127.0.0.1:56232
Begin MonoManager ReloadAssembly
Registering precompiled unity dll's ...
Register platform support module: C:/Program Files/Unity/Hub/Editor/2020.3.16f1/Editor/Data/PlaybackEngines/WebGLSupport/UnityEditor.WebGL.Extensions.dll
Register platform support module: C:/Program Files/Unity/Hub/Editor/2020.3.16f1/Editor/Data/PlaybackEngines/WindowsStandaloneSupport/UnityEditor.WindowsStandalone.Extensions.dll
Register platform support module: C:/Program Files/Unity/Hub/Editor/2020.3.16f1/Editor/Data/PlaybackEngines/LinuxStandaloneSupport/UnityEditor.LinuxStandalone.Extensions.dll
Registered in 0.049393 seconds.
Native extension for LinuxStandalone target not found
Native extension for WindowsStandalone target not found
Native extension for WebGL target not found
Refreshing native plugins compatible for Editor in 38.59 ms, found 3 plugins.
Preloading 0 native plugins for Editor in 0.00 ms.
Mono: successfully reloaded assembly
- Completed reload, in  1.305 seconds
Domain Reload Profiling:
	ReloadAssembly (1306ms)
		BeginReloadAssembly (55ms)
			ExecutionOrderSort (0ms)
			DisableScriptedObjects (0ms)
			BackupInstance (0ms)
			ReleaseScriptingObjects (0ms)
			CreateAndSetChildDomain (1ms)
		EndReloadAssembly (438ms)
			LoadAssemblies (81ms)
			RebuildTransferFunctionScriptingTraits (0ms)
			SetupTypeCache (150ms)
			ReleaseScriptCaches (0ms)
			RebuildScriptCaches (30ms)
			SetupLoadedEditorAssemblies (159ms)
				LogAssemblyErrors (0ms)
				InitializePlatformSupportModulesInManaged (5ms)
				SetLoadedEditorAssemblies (0ms)
				RefreshPlugins (39ms)
				BeforeProcessingInitializeOnLoad (9ms)
				ProcessInitializeOnLoadAttributes (77ms)
				ProcessInitializeOnLoadMethodAttributes (28ms)
				AfterProcessingInitializeOnLoad (0ms)
				EditorAssembliesLoaded (0ms)
			ExecutionOrderSort2 (0ms)
			AwakeInstancesAfterBackupRestoration (0ms)
Platform modules already initialized, skipping
Registering precompiled user dll's ...
Registered in 0.090123 seconds.
Begin MonoManager ReloadAssembly
Native extension for LinuxStandalone target not found
Native extension for WindowsStandalone target not found
Native extension for WebGL target not found
Refreshing native plugins compatible for Editor in 47.95 ms, found 3 plugins.
Preloading 0 native plugins for Editor in 0.00 ms.
Mono: successfully reloaded assembly
- Completed reload, in  2.231 seconds
Domain Reload Profiling:
	ReloadAssembly (2232ms)
		BeginReloadAssembly (142ms)
			ExecutionOrderSort (0ms)
			DisableScriptedObjects (5ms)
			BackupInstance (0ms)
			ReleaseScriptingObjects (0ms)
			CreateAndSetChildDomain (18ms)
		EndReloadAssembly (2022ms)
			LoadAssemblies (1044ms)
			RebuildTransferFunctionScriptingTraits (0ms)
			SetupTypeCache (282ms)
			ReleaseScriptCaches (0ms)
			RebuildScriptCaches (52ms)
			SetupLoadedEditorAssemblies (513ms)
				LogAssemblyErrors (0ms)
				InitializePlatformSupportModulesInManaged (6ms)
				SetLoadedEditorAssemblies (0ms)
				RefreshPlugins (48ms)
				BeforeProcessingInitializeOnLoad (81ms)
				ProcessInitializeOnLoadAttributes (360ms)
				ProcessInitializeOnLoadMethodAttributes (12ms)
				AfterProcessingInitializeOnLoad (6ms)
				EditorAssembliesLoaded (0ms)
			ExecutionOrderSort2 (0ms)
			AwakeInstancesAfterBackupRestoration (7ms)
Platform modules already initialized, skipping
========================================================================
Worker process is ready to serve import requests
Launched and connected shader compiler UnityShaderCompiler.exe after 0.04 seconds
Refreshing native plugins compatible for Editor in 1.41 ms, found 3 plugins.
Preloading 0 native plugins for Editor in 0.00 ms.
Unloading 2092 Unused Serialized files (Serialized files now loaded: 0)
System memory in use before: 93.7 MB.
System memory in use after: 93.8 MB.

Unloading 28 unused Assets to reduce memory usage. Loaded Objects now: 2529.
Total: 2.997100 ms (FindLiveObjects: 0.182200 ms CreateObjectMapping: 0.068400 ms MarkObjects: 2.681500 ms  DeleteObjects: 0.063800 ms)

AssetImportParameters requested are different than current active one (requested -> active):
  custom:framework-win-MediaFoundation: 216162199b28c13a410421893ffa2e32 -> 
  custom:video-decoder-ogg-theora: a1e56fd34408186e4bbccfd4996cb3dc -> 
  custom:container-muxer-webm: aa71ff27fc2769a1b78a27578f13a17b -> 
  custom:container-demuxer-webm: 4f35f7cbe854078d1ac9338744f61a02 -> 
  custom:container-demuxer-ogg: 62fdf1f143b41e24485cea50d1cbac27 -> 
  custom:video-encoder-webm-vp8: eb34c28f22e8b96e1ab97ce403110664 -> 
  custom:video-codec-MediaFoundation-h265: 746d11721c4dcdbdad8f713fa42b33f4 -> 
  custom:video-decoder-webm-vp8: 9c59270c3fd7afecdb556c50c9e8de78 -> 
  custom:audio-decoder-ogg-vorbis: bf7c407c2cedff20999df2af8eb42d56 -> 
  custom:audio-encoder-webm-vorbis: bf7c407c2cedff20999df2af8eb42d56 -> 
========================================================================
Received Import Request.
  path: Assets/Scripts/SoundControler.cs
  artifactKey: Guid(1f79d240ecb148d46acdae495697ca8d) Importer(815301076,1909f56bfc062723c751e8b465ee728b)
Start importing Assets/Scripts/SoundControler.cs using Guid(1f79d240ecb148d46acdae495697ca8d) Importer(815301076,1909f56bfc062723c751e8b465ee728b)  -> (artifact id: '422f2177438ada89134cb52ffd16c75f') in 0.076935 seconds 
  Import took 0.080052 seconds .

========================================================================
Received Import Request.
  Time since last request: 130.239550 seconds.
  path: Assets/Sprites/png
  artifactKey: Guid(f7f48f01372ce7c478b0fec00ddc40ef) Importer(815301076,1909f56bfc062723c751e8b465ee728b)
Start importing Assets/Sprites/png using Guid(f7f48f01372ce7c478b0fec00ddc40ef) Importer(815301076,1909f56bfc062723c751e8b465ee728b)  -> (artifact id: '4c983fa59b60008b4ce02dd3f1080c88') in 0.014312 seconds 
  Import took 0.018433 seconds .

========================================================================
Received Import Request.
  Time since last request: 1.367531 seconds.
  path: Assets/Sprites/png/cat
  artifactKey: Guid(693c9b1087054f14d958582c6476db52) Importer(815301076,1909f56bfc062723c751e8b465ee728b)
Start importing Assets/Sprites/png/cat using Guid(693c9b1087054f14d958582c6476db52) Importer(815301076,1909f56bfc062723c751e8b465ee728b)  -> (artifact id: '7ab78994b896242dc77010f6191f33f7') in 0.007873 seconds 
  Import took 0.011698 seconds .

========================================================================
Received Import Request.
  Time since last request: 0.095244 seconds.
  path: Assets/Sprites/png/cat/Dead (1).png
  artifactKey: Guid(6a170e63a13c831438cc7327a3941298) Importer(815301076,1909f56bfc062723c751e8b465ee728b)
Start importing Assets/Sprites/png/cat/Dead (1).png using Guid(6a170e63a13c831438cc7327a3941298) Importer(815301076,1909f56bfc062723c751e8b465ee728b)  -> (artifact id: '8fcc473c400346cec5f8b9025feeb326') in 0.180459 seconds 
  Import took 0.184221 seconds .

========================================================================
Received Import Request.
  Time since last request: 0.000263 seconds.
  path: Assets/Sprites/png/cat/Hurt (2).png
  artifactKey: Guid(20cd426484f764e4c882f541a535d885) Importer(815301076,1909f56bfc062723c751e8b465ee728b)
Start importing Assets/Sprites/png/cat/Hurt (2).png using Guid(20cd426484f764e4c882f541a535d885) Importer(815301076,1909f56bfc062723c751e8b465ee728b)  -> (artifact id: '85793b0462eec48cbe4832e91c5b1bf4') in 0.057001 seconds 
  Import took 0.059874 seconds .

========================================================================
Received Import Request.
  Time since last request: 0.000263 seconds.
  path: Assets/Sprites/png/cat/Hurt (10).png
  artifactKey: Guid(aaf75650b89ec5c47bc5d8e682c91d36) Importer(815301076,1909f56bfc062723c751e8b465ee728b)
Start importing Assets/Sprites/png/cat/Hurt (10).png using Guid(aaf75650b89ec5c47bc5d8e682c91d36) Importer(815301076,1909f56bfc062723c751e8b465ee728b)  -> (artifact id: '92159e8c74cb17753890482149caa419') in 0.016706 seconds 
  Import took 0.019682 seconds .

========================================================================
Received Import Request.
  Time since last request: 0.000264 seconds.
  path: Assets/Sprites/png/cat/Dead (5).png
  artifactKey: Guid(2bd7d958524ed7146859d4ba31459891) Importer(815301076,1909f56bfc062723c751e8b465ee728b)
Start importing Assets/Sprites/png/cat/Dead (5).png using Guid(2bd7d958524ed7146859d4ba31459891) Importer(815301076,1909f56bfc062723c751e8b465ee728b)  -> (artifact id: 'e19f47cb3b51bfcef839f014258ce260') in 0.015404 seconds 
  Import took 0.018724 seconds .

========================================================================
Received Import Request.
  Time since last request: 0.000229 seconds.
  path: Assets/Sprites/png/cat/Hurt (8).png
  artifactKey: Guid(59d99ffe612058b47b09ef45b24f0a63) Importer(815301076,1909f56bfc062723c751e8b465ee728b)
Start importing Assets/Sprites/png/cat/Hurt (8).png using Guid(59d99ffe612058b47b09ef45b24f0a63) Importer(815301076,1909f56bfc062723c751e8b465ee728b)  -> (artifact id: '77a48d9e3be15b5d2d56d3a605329aae') in 0.015541 seconds 
  Import took 0.018748 seconds .

========================================================================
Received Import Request.
  Time since last request: 0.000271 seconds.
  path: Assets/Sprites/png/cat/Jump (2).png
  artifactKey: Guid(966ebed9ea0ee7146a9e10286e06176d) Importer(815301076,1909f56bfc062723c751e8b465ee728b)
Start importing Assets/Sprites/png/cat/Jump (2).png using Guid(966ebed9ea0ee7146a9e10286e06176d) Importer(815301076,1909f56bfc062723c751e8b465ee728b)  -> (artifact id: '36f3d6ee55a3cc39af2cce1374a7b879') in 0.070409 seconds 
  Import took 0.073685 seconds .

========================================================================
Received Import Request.
  Time since last request: 0.000290 seconds.
  path: Assets/Sprites/png/cat/Fall (6).png
  artifactKey: Guid(689ee5585a421da4cb772fe101903d9b) Importer(815301076,1909f56bfc062723c751e8b465ee728b)
Start importing Assets/Sprites/png/cat/Fall (6).png using Guid(689ee5585a421da4cb772fe101903d9b) Importer(815301076,1909f56bfc062723c751e8b465ee728b)  -> (artifact id: '8c6a1a8600401a1c51a6c5e39bb4ac10') in 0.020839 seconds 
  Import took 0.024410 seconds .

========================================================================
Received Import Request.
  Time since last request: 0.000290 seconds.
  path: Assets/Sprites/png/cat/Idle (1).png
  artifactKey: Guid(02bed1e8675b6c7408fe36df4e354e75) Importer(815301076,1909f56bfc062723c751e8b465ee728b)
Start importing Assets/Sprites/png/cat/Idle (1).png using Guid(02bed1e8675b6c7408fe36df4e354e75) Importer(815301076,1909f56bfc062723c751e8b465ee728b)  -> (artifact id: '7a54c71cc11c4ee182ba5620d2493fd4') in 0.054932 seconds 
  Import took 0.058479 seconds .

========================================================================
Received Import Request.
  Time since last request: 0.000342 seconds.
  path: Assets/Sprites/png/cat/Dead (9).png
  artifactKey: Guid(c96ef7181e0bce84db0a7ab62bde31e7) Importer(815301076,1909f56bfc062723c751e8b465ee728b)
Start importing Assets/Sprites/png/cat/Dead (9).png using Guid(c96ef7181e0bce84db0a7ab62bde31e7) Importer(815301076,1909f56bfc062723c751e8b465ee728b)  -> (artifact id: '5d5dc883ce8a0c9419042fa10dcdffe2') in 0.017564 seconds 
  Import took 0.020754 seconds .

========================================================================
Received Import Request.
  Time since last request: 0.000246 seconds.
  path: Assets/Sprites/png/cat/Hurt (7).png
  artifactKey: Guid(0de2c4471b5038949b2f59eef995ba78) Importer(815301076,1909f56bfc062723c751e8b465ee728b)
Start importing Assets/Sprites/png/cat/Hurt (7).png using Guid(0de2c4471b5038949b2f59eef995ba78) Importer(815301076,1909f56bfc062723c751e8b465ee728b)  -> (artifact id: '47d17a5fd0d8a3e909179b12c0e8da8d') in 0.016267 seconds 
  Import took 0.019616 seconds .

========================================================================
Received Import Request.
  Time since last request: 0.000195 seconds.
  path: Assets/Sprites/png/cat/Jump (7).png
  artifactKey: Guid(3cf1650391a10a54386d4dfefcdda804) Importer(815301076,1909f56bfc062723c751e8b465ee728b)
Start importing Assets/Sprites/png/cat/Jump (7).png using Guid(3cf1650391a10a54386d4dfefcdda804) Importer(815301076,1909f56bfc062723c751e8b465ee728b)  -> (artifact id: 'ff556e6e399f84a137d3941e4ada00aa') in 0.015053 seconds 
  Import took 0.018473 seconds .

========================================================================
Received Import Request.
  Time since last request: 0.000211 seconds.
  path: Assets/Sprites/png/cat/Dead (8).png
  artifactKey: Guid(049e24782f4d3e4479760bf11625bf23) Importer(815301076,1909f56bfc062723c751e8b465ee728b)
Start importing Assets/Sprites/png/cat/Dead (8).png using Guid(049e24782f4d3e4479760bf11625bf23) Importer(815301076,1909f56bfc062723c751e8b465ee728b)  -> (artifact id: '39f64da675bced2720cb516e3c537a5b') in 0.016814 seconds 
  Import took 0.020224 seconds .

========================================================================
Received Import Request.
  Time since last request: 0.000167 seconds.
  path: Assets/Sprites/png/cat/Hurt (1).png
  artifactKey: Guid(55326b2b69319cf43af802eb7c61cc54) Importer(815301076,1909f56bfc062723c751e8b465ee728b)
Start importing Assets/Sprites/png/cat/Hurt (1).png using Guid(55326b2b69319cf43af802eb7c61cc54) Importer(815301076,1909f56bfc062723c751e8b465ee728b)  -> (artifact id: 'e788a95c2367667fce1ded6437cfe234') in 0.079752 seconds 
  Import took 0.082751 seconds .

========================================================================
Received Import Request.
  Time since last request: 0.000258 seconds.
  path: Assets/Sprites/png/cat/Hurt (9).png
  artifactKey: Guid(d93a2fa26ceddba4997820e68832a1e9) Importer(815301076,1909f56bfc062723c751e8b465ee728b)
Start importing Assets/Sprites/png/cat/Hurt (9).png using Guid(d93a2fa26ceddba4997820e68832a1e9) Importer(815301076,1909f56bfc062723c751e8b465ee728b)  -> (artifact id: '39b86d0c689e60c62ec148bdbf85eaa8') in 0.026774 seconds 
  Import took 0.029748 seconds .

========================================================================
Received Import Request.
  Time since last request: 0.000274 seconds.
  path: Assets/Sprites/png/cat/Jump (6).png
  artifactKey: Guid(f67db87534d726844a2aaa2dbde57959) Importer(815301076,1909f56bfc062723c751e8b465ee728b)
Start importing Assets/Sprites/png/cat/Jump (6).png using Guid(f67db87534d726844a2aaa2dbde57959) Importer(815301076,1909f56bfc062723c751e8b465ee728b)  -> (artifact id: '83e0123135effce04069173542eb633c') in 0.080469 seconds 
  Import took 0.084208 seconds .

========================================================================
Received Import Request.
  Time since last request: 0.000306 seconds.
  path: Assets/Sprites/png/cat/Hurt (4).png
  artifactKey: Guid(a16471f9af0735a4b8519cef3e88d4d6) Importer(815301076,1909f56bfc062723c751e8b465ee728b)
Start importing Assets/Sprites/png/cat/Hurt (4).png using Guid(a16471f9af0735a4b8519cef3e88d4d6) Importer(815301076,1909f56bfc062723c751e8b465ee728b)  -> (artifact id: '4f19371939f8d639be02811e10b0e406') in 0.045331 seconds 
  Import took 0.048872 seconds .

========================================================================
Received Import Request.
  Time since last request: 0.000280 seconds.
  path: Assets/Sprites/png/cat/Fall (4).png
  artifactKey: Guid(3d89ab82cc739674a844579d8ab2c728) Importer(815301076,1909f56bfc062723c751e8b465ee728b)
Start importing Assets/Sprites/png/cat/Fall (4).png using Guid(3d89ab82cc739674a844579d8ab2c728) Importer(815301076,1909f56bfc062723c751e8b465ee728b)  -> (artifact id: 'fccc4ac7a18fc17e329bcf0ce9fd85d8') in 0.016097 seconds 
  Import took 0.019393 seconds .

========================================================================
Received Import Request.
  Time since last request: 0.000188 seconds.
  path: Assets/Sprites/png/cat/Hurt (3).png
  artifactKey: Guid(58f6538b845175943aa42b05bebc5baf) Importer(815301076,1909f56bfc062723c751e8b465ee728b)
Start importing Assets/Sprites/png/cat/Hurt (3).png using Guid(58f6538b845175943aa42b05bebc5baf) Importer(815301076,1909f56bfc062723c751e8b465ee728b)  -> (artifact id: 'e5f48a4334a8102c9a4717a0266faf5d') in 0.017647 seconds 
  Import took 0.020889 seconds .

========================================================================
Received Import Request.
  Time since last request: 0.000297 seconds.
  path: Assets/Sprites/png/cat/Dead (2).png
  artifactKey: Guid(69fbeb12381bea2429c6aef5577cbb70) Importer(815301076,1909f56bfc062723c751e8b465ee728b)
Start importing Assets/Sprites/png/cat/Dead (2).png using Guid(69fbeb12381bea2429c6aef5577cbb70) Importer(815301076,1909f56bfc062723c751e8b465ee728b)  -> (artifact id: '71e1cadca0261d910378c9f232a17cdf') in 0.014778 seconds 
  Import took 0.018280 seconds .

========================================================================
Received Import Request.
  Time since last request: 0.000193 seconds.
  path: Assets/Sprites/png/cat/Dead (6).png
  artifactKey: Guid(d747cbf81fad04344b89a5bcda6ee7b4) Importer(815301076,1909f56bfc062723c751e8b465ee728b)
Start importing Assets/Sprites/png/cat/Dead (6).png using Guid(d747cbf81fad04344b89a5bcda6ee7b4) Importer(815301076,1909f56bfc062723c751e8b465ee728b)  -> (artifact id: '1a85fe56c9cfc2fcefc7a92886f9a092') in 0.016591 seconds 
  Import took 0.020264 seconds .

========================================================================
Received Import Request.
  Time since last request: 0.000176 seconds.
  path: Assets/Sprites/png/cat/Dead (7).png
  artifactKey: Guid(75fa52d7ddbd6f3449184d83ab5b3b84) Importer(815301076,1909f56bfc062723c751e8b465ee728b)
Start importing Assets/Sprites/png/cat/Dead (7).png using Guid(75fa52d7ddbd6f3449184d83ab5b3b84) Importer(815301076,1909f56bfc062723c751e8b465ee728b)  -> (artifact id: '9568091b827d0a5a76049cf05c7c595e') in 0.014679 seconds 
  Import took 0.017780 seconds .

========================================================================
Received Import Request.
  Time since last request: 0.000199 seconds.
  path: Assets/Sprites/png/cat/Fall (3).png
  artifactKey: Guid(fb1ce1a87991fcd42bc67033ae5895c3) Importer(815301076,1909f56bfc062723c751e8b465ee728b)
Start importing Assets/Sprites/png/cat/Fall (3).png using Guid(fb1ce1a87991fcd42bc67033ae5895c3) Importer(815301076,1909f56bfc062723c751e8b465ee728b)  -> (artifact id: 'ea03d0f4ce955db5daad267795b57763') in 0.014955 seconds 
  Import took 0.018295 seconds .

========================================================================
Received Import Request.
  Time since last request: 0.000279 seconds.
  path: Assets/Sprites/png/cat/Idle (9).png
  artifactKey: Guid(dd82caa949593904c8a0b171e597ad75) Importer(815301076,1909f56bfc062723c751e8b465ee728b)
Start importing Assets/Sprites/png/cat/Idle (9).png using Guid(dd82caa949593904c8a0b171e597ad75) Importer(815301076,1909f56bfc062723c751e8b465ee728b)  -> (artifact id: '2d6bd32b6e2a8e5a67466e716dc9e535') in 0.015350 seconds 
  Import took 0.018608 seconds .

========================================================================
Received Import Request.
  Time since last request: 0.000342 seconds.
  path: Assets/Sprites/png/cat/Dead (10).png
  artifactKey: Guid(d3a04c7b933ea4b42b7573b3ee2b395f) Importer(815301076,1909f56bfc062723c751e8b465ee728b)
Start importing Assets/Sprites/png/cat/Dead (10).png using Guid(d3a04c7b933ea4b42b7573b3ee2b395f) Importer(815301076,1909f56bfc062723c751e8b465ee728b)  -> (artifact id: '4ac162e98331df9560bbd555b578e962') in 0.014871 seconds 
  Import took 0.018141 seconds .

========================================================================
Received Import Request.
  Time since last request: 0.000285 seconds.
  path: Assets/Sprites/png/cat/Jump (4).png
  artifactKey: Guid(9387600cf0714d94b8cae8139d0c051a) Importer(815301076,1909f56bfc062723c751e8b465ee728b)
Start importing Assets/Sprites/png/cat/Jump (4).png using Guid(9387600cf0714d94b8cae8139d0c051a) Importer(815301076,1909f56bfc062723c751e8b465ee728b)  -> (artifact id: '8346a7f83d296404875a44b6a9f1b489') in 0.057655 seconds 
  Import took 0.060962 seconds .

========================================================================
Received Import Request.
  Time since last request: 0.000310 seconds.
  path: Assets/Sprites/png/cat/Idle (6).png
  artifactKey: Guid(4142fc2629ef1aa4d91e001958ceeed9) Importer(815301076,1909f56bfc062723c751e8b465ee728b)
Start importing Assets/Sprites/png/cat/Idle (6).png using Guid(4142fc2629ef1aa4d91e001958ceeed9) Importer(815301076,1909f56bfc062723c751e8b465ee728b)  -> (artifact id: 'a721a081ecf71ec15ba9c838ce3d4bab') in 0.082320 seconds 
  Import took 0.086200 seconds .

========================================================================
Received Import Request.
  Time since last request: 0.000290 seconds.
  path: Assets/Sprites/png/cat/Fall (5).png
  artifactKey: Guid(2e5cf96a7c0abb449a8239bae211faf4) Importer(815301076,1909f56bfc062723c751e8b465ee728b)
Start importing Assets/Sprites/png/cat/Fall (5).png using Guid(2e5cf96a7c0abb449a8239bae211faf4) Importer(815301076,1909f56bfc062723c751e8b465ee728b)  -> (artifact id: 'bf2063ea4951cf92dc215abd19f45a88') in 0.021195 seconds 
  Import took 0.024915 seconds .

========================================================================
Received Import Request.
  Time since last request: 0.000227 seconds.
  path: Assets/Sprites/png/cat/Hurt (6).png
  artifactKey: Guid(dadfc83eb700b794993ace882c693774) Importer(815301076,1909f56bfc062723c751e8b465ee728b)
Start importing Assets/Sprites/png/cat/Hurt (6).png using Guid(dadfc83eb700b794993ace882c693774) Importer(815301076,1909f56bfc062723c751e8b465ee728b)  -> (artifact id: 'e3cabd9eb745ee250a9c1f749d64b9e2') in 0.031746 seconds 
  Import took 0.035108 seconds .

========================================================================
Received Import Request.
  Time since last request: 0.000249 seconds.
  path: Assets/Sprites/png/cat/Idle (3).png
  artifactKey: Guid(5a3e0c07a63a30f4d995315fa5f5225f) Importer(815301076,1909f56bfc062723c751e8b465ee728b)
Start importing Assets/Sprites/png/cat/Idle (3).png using Guid(5a3e0c07a63a30f4d995315fa5f5225f) Importer(815301076,1909f56bfc062723c751e8b465ee728b)  -> (artifact id: '122e7cbe9a445c4a10688f67941f20dc') in 0.024185 seconds 
  Import took 0.027351 seconds .

========================================================================
Received Import Request.
  Time since last request: 0.000246 seconds.
  path: Assets/Sprites/png/cat/Fall (8).png
  artifactKey: Guid(fa14c9bf9d07ecb4a960a0208913b192) Importer(815301076,1909f56bfc062723c751e8b465ee728b)
Start importing Assets/Sprites/png/cat/Fall (8).png using Guid(fa14c9bf9d07ecb4a960a0208913b192) Importer(815301076,1909f56bfc062723c751e8b465ee728b)  -> (artifact id: '58d18be53d971a6f676a7ed505d9481f') in 0.126156 seconds 
  Import took 0.132158 seconds .

========================================================================
Received Import Request.
  Time since last request: 0.000575 seconds.
  path: Assets/Sprites/png/cat/Idle (5).png
  artifactKey: Guid(61cd9b4ee557b8f49835d14b21d2c5be) Importer(815301076,1909f56bfc062723c751e8b465ee728b)
Start importing Assets/Sprites/png/cat/Idle (5).png using Guid(61cd9b4ee557b8f49835d14b21d2c5be) Importer(815301076,1909f56bfc062723c751e8b465ee728b)  -> (artifact id: '4aff8db498f6d39697b424ba25898120') in 0.050891 seconds 
  Import took 0.056093 seconds .

========================================================================
Received Import Request.
  Time since last request: 0.000255 seconds.
  path: Assets/Sprites/png/cat/Idle (2).png
  artifactKey: Guid(5243a3330c939ee499f72c34f2c7d0eb) Importer(815301076,1909f56bfc062723c751e8b465ee728b)
Start importing Assets/Sprites/png/cat/Idle (2).png using Guid(5243a3330c939ee499f72c34f2c7d0eb) Importer(815301076,1909f56bfc062723c751e8b465ee728b)  -> (artifact id: '4dd6ff46176bfb1186818fd788f3d218') in 0.113597 seconds 
  Import took 0.117437 seconds .

========================================================================
Received Import Request.
  Time since last request: 0.000344 seconds.
  path: Assets/Sprites/png/cat/Idle (8).png
  artifactKey: Guid(5422ea81042725e45af017bf8ac99c89) Importer(815301076,1909f56bfc062723c751e8b465ee728b)
Start importing Assets/Sprites/png/cat/Idle (8).png using Guid(5422ea81042725e45af017bf8ac99c89) Importer(815301076,1909f56bfc062723c751e8b465ee728b)  -> (artifact id: 'a2b3743c2e4d87f800be180ca70e8f74') in 0.061615 seconds 
  Import took 0.065251 seconds .

========================================================================
Received Import Request.
  Time since last request: 0.000266 seconds.
  path: Assets/Sprites/png/cat/Jump (1).png
  artifactKey: Guid(b8c209cc9946e37408c745c99cce0f79) Importer(815301076,1909f56bfc062723c751e8b465ee728b)
Start importing Assets/Sprites/png/cat/Jump (1).png using Guid(b8c209cc9946e37408c745c99cce0f79) Importer(815301076,1909f56bfc062723c751e8b465ee728b)  -> (artifact id: '0e5464749338a315b167c4baf82416ae') in 0.015881 seconds 
  Import took 0.019205 seconds .

========================================================================
Received Import Request.
  Time since last request: 0.000262 seconds.
  path: Assets/Sprites/png/cat/Idle (10).png
  artifactKey: Guid(78fd30a4b7b09a2449d139d5f0457533) Importer(815301076,1909f56bfc062723c751e8b465ee728b)
Start importing Assets/Sprites/png/cat/Idle (10).png using Guid(78fd30a4b7b09a2449d139d5f0457533) Importer(815301076,1909f56bfc062723c751e8b465ee728b)  -> (artifact id: '8f65697e4cab2a17c30bdab7f44439d9') in 0.016394 seconds 
  Import took 0.019674 seconds .

========================================================================
Received Import Request.
  Time since last request: 0.000254 seconds.
  path: Assets/Sprites/png/cat/Jump (3).png
  artifactKey: Guid(2b9f9774daa5af44abd5076594648711) Importer(815301076,1909f56bfc062723c751e8b465ee728b)
Start importing Assets/Sprites/png/cat/Jump (3).png using Guid(2b9f9774daa5af44abd5076594648711) Importer(815301076,1909f56bfc062723c751e8b465ee728b)  -> (artifact id: 'd4fb0af85f318b11b53a894982654594') in 0.016339 seconds 
  Import took 0.038896 seconds .

========================================================================
Received Import Request.
  Time since last request: 0.000489 seconds.
  path: Assets/Sprites/png/cat/Fall (7).png
  artifactKey: Guid(6f9462cc137c83e479dfedaf7e5a35e2) Importer(815301076,1909f56bfc062723c751e8b465ee728b)
Start importing Assets/Sprites/png/cat/Fall (7).png using Guid(6f9462cc137c83e479dfedaf7e5a35e2) Importer(815301076,1909f56bfc062723c751e8b465ee728b)  -> (artifact id: 'feaf0eb28394f727c03dc0127c6854fd') in 0.021928 seconds 
  Import took 0.026904 seconds .

========================================================================
Received Import Request.
  Time since last request: 0.000275 seconds.
  path: Assets/Sprites/png/cat/Dead (4).png
  artifactKey: Guid(a23ea85d88d39da4788df75ffc21ca82) Importer(815301076,1909f56bfc062723c751e8b465ee728b)
Start importing Assets/Sprites/png/cat/Dead (4).png using Guid(a23ea85d88d39da4788df75ffc21ca82) Importer(815301076,1909f56bfc062723c751e8b465ee728b)  -> (artifact id: '21cb2b12422ca1db55e4fae349f65f43') in 0.023360 seconds 
  Import took 0.026790 seconds .

========================================================================
Received Import Request.
  Time since last request: 0.000234 seconds.
  path: Assets/Sprites/png/cat/Fall (2).png
  artifactKey: Guid(e3206e9c91a220548945e4e7279121e0) Importer(815301076,1909f56bfc062723c751e8b465ee728b)
Start importing Assets/Sprites/png/cat/Fall (2).png using Guid(e3206e9c91a220548945e4e7279121e0) Importer(815301076,1909f56bfc062723c751e8b465ee728b)  -> (artifact id: 'cda4fa4b5a489b801e3d06de917c9a4e') in 0.082110 seconds 
  Import took 0.085143 seconds .

========================================================================
Received Import Request.
  Time since last request: 0.000283 seconds.
  path: Assets/Sprites/png/cat/Idle (7).png
  artifactKey: Guid(b7f47f43aaa2b674cb8ca95e7d1c56c0) Importer(815301076,1909f56bfc062723c751e8b465ee728b)
Start importing Assets/Sprites/png/cat/Idle (7).png using Guid(b7f47f43aaa2b674cb8ca95e7d1c56c0) Importer(815301076,1909f56bfc062723c751e8b465ee728b)  -> (artifact id: '9d770690964154aff1f6b43dff4794e2') in 0.015804 seconds 
  Import took 0.019145 seconds .

========================================================================
Received Import Request.
  Time since last request: 0.000695 seconds.
  path: Assets/Sprites/png/cat/Dead (3).png
  artifactKey: Guid(928d5e69bd6c7504c88372a598a8c244) Importer(815301076,1909f56bfc062723c751e8b465ee728b)
Start importing Assets/Sprites/png/cat/Dead (3).png using Guid(928d5e69bd6c7504c88372a598a8c244) Importer(815301076,1909f56bfc062723c751e8b465ee728b)  -> (artifact id: '751e4ac571837fd4c68db303b31cf0eb') in 0.029787 seconds 
  Import took 0.034536 seconds .

========================================================================
Received Import Request.
  Time since last request: 0.000238 seconds.
  path: Assets/Sprites/png/cat/Idle (4).png
  artifactKey: Guid(9b55ab7757c27b54b965863bc70c85f1) Importer(815301076,1909f56bfc062723c751e8b465ee728b)
Start importing Assets/Sprites/png/cat/Idle (4).png using Guid(9b55ab7757c27b54b965863bc70c85f1) Importer(815301076,1909f56bfc062723c751e8b465ee728b)  -> (artifact id: '0dad411718e195e68b7ebd4a022e94ce') in 0.030306 seconds 
  Import took 0.033622 seconds .

========================================================================
Received Import Request.
  Time since last request: 0.000294 seconds.
  path: Assets/Sprites/png/cat/Hurt (5).png
  artifactKey: Guid(c5590542622c4d74c809fb5f56c038d9) Importer(815301076,1909f56bfc062723c751e8b465ee728b)
Start importing Assets/Sprites/png/cat/Hurt (5).png using Guid(c5590542622c4d74c809fb5f56c038d9) Importer(815301076,1909f56bfc062723c751e8b465ee728b)  -> (artifact id: '4f79cb5181bbc585deddc9e20b3e99b5') in 0.083295 seconds 
  Import took 0.087690 seconds .

========================================================================
Received Import Request.
  Time since last request: 0.000380 seconds.
  path: Assets/Sprites/png/cat/Fall (1).png
  artifactKey: Guid(6918c92670ad20c42b6f9b05b773d6bc) Importer(815301076,1909f56bfc062723c751e8b465ee728b)
Start importing Assets/Sprites/png/cat/Fall (1).png using Guid(6918c92670ad20c42b6f9b05b773d6bc) Importer(815301076,1909f56bfc062723c751e8b465ee728b)  -> (artifact id: 'caeefca2db74e5a5a3d0dcd300631412') in 0.020906 seconds 
  Import took 0.025241 seconds .

========================================================================
Received Import Request.
  Time since last request: 0.000251 seconds.
  path: Assets/Sprites/png/cat/Jump (5).png
  artifactKey: Guid(a5625950bedf5b343a1c899dff8d8c38) Importer(815301076,1909f56bfc062723c751e8b465ee728b)
Start importing Assets/Sprites/png/cat/Jump (5).png using Guid(a5625950bedf5b343a1c899dff8d8c38) Importer(815301076,1909f56bfc062723c751e8b465ee728b)  -> (artifact id: '20c0176a1c98c75ae5c7fe34ef8734ac') in 0.070577 seconds 
  Import took 0.074069 seconds .

========================================================================
Received Import Request.
  Time since last request: 1.214421 seconds.
  path: Assets/Sprites/png/cat/Jump (8).png
  artifactKey: Guid(7c1c1c1ac4f480b40b20106600e3697a) Importer(815301076,1909f56bfc062723c751e8b465ee728b)
Start importing Assets/Sprites/png/cat/Jump (8).png using Guid(7c1c1c1ac4f480b40b20106600e3697a) Importer(815301076,1909f56bfc062723c751e8b465ee728b)  -> (artifact id: '07e10b4c9ea361f5a9d76ddd5b55e012') in 0.018818 seconds 
  Import took 0.024090 seconds .

========================================================================
Received Import Request.
  Time since last request: 0.000300 seconds.
  path: Assets/Sprites/png/cat/Run (3).png
  artifactKey: Guid(bd92257f671ece646835f75e4f4c43f7) Importer(815301076,1909f56bfc062723c751e8b465ee728b)
Start importing Assets/Sprites/png/cat/Run (3).png using Guid(bd92257f671ece646835f75e4f4c43f7) Importer(815301076,1909f56bfc062723c751e8b465ee728b)  -> (artifact id: 'e4d2d7db688d6b134779d0adfbe1ced3') in 0.034097 seconds 
  Import took 0.038015 seconds .

========================================================================
Received Import Request.
  Time since last request: 0.000216 seconds.
  path: Assets/Sprites/png/cat/Run (7).png
  artifactKey: Guid(d1ea70b57637d4a4d94b3af16793210b) Importer(815301076,1909f56bfc062723c751e8b465ee728b)
Start importing Assets/Sprites/png/cat/Run (7).png using Guid(d1ea70b57637d4a4d94b3af16793210b) Importer(815301076,1909f56bfc062723c751e8b465ee728b)  -> (artifact id: '763e2efb84be948f44d246f1e65fb3b2') in 0.064690 seconds 
  Import took 0.068140 seconds .

========================================================================
Received Import Request.
  Time since last request: 0.000255 seconds.
  path: Assets/Sprites/png/cat/Run (2).png
  artifactKey: Guid(cb904d53e6014bb4eaf3113dbec05953) Importer(815301076,1909f56bfc062723c751e8b465ee728b)
Start importing Assets/Sprites/png/cat/Run (2).png using Guid(cb904d53e6014bb4eaf3113dbec05953) Importer(815301076,1909f56bfc062723c751e8b465ee728b)  -> (artifact id: '1c88df161e4872d9d8b2f94e099f058c') in 0.015555 seconds 
  Import took 0.018805 seconds .

========================================================================
Received Import Request.
  Time since last request: 0.000243 seconds.
  path: Assets/Sprites/png/cat/Run (5).png
  artifactKey: Guid(8fc67da33a9ef6c44bcf532fb5460b32) Importer(815301076,1909f56bfc062723c751e8b465ee728b)
Start importing Assets/Sprites/png/cat/Run (5).png using Guid(8fc67da33a9ef6c44bcf532fb5460b32) Importer(815301076,1909f56bfc062723c751e8b465ee728b)  -> (artifact id: '7d914cdea2a1a6a7d286e1b270558021') in 0.016792 seconds 
  Import took 0.020075 seconds .

========================================================================
Received Import Request.
  Time since last request: 0.000336 seconds.
  path: Assets/Sprites/png/cat/Run (8).png
  artifactKey: Guid(f562b9f8dddfb9745846394b185b628f) Importer(815301076,1909f56bfc062723c751e8b465ee728b)
Start importing Assets/Sprites/png/cat/Run (8).png using Guid(f562b9f8dddfb9745846394b185b628f) Importer(815301076,1909f56bfc062723c751e8b465ee728b)  -> (artifact id: 'e9e1eb7cc5446043ef41b6b6809e8829') in 0.049544 seconds 
  Import took 0.052718 seconds .

========================================================================
Received Import Request.
  Time since last request: 0.000243 seconds.
  path: Assets/Sprites/png/cat/Slide (1).png
  artifactKey: Guid(67da22556bd1120469147f3c5dbb73be) Importer(815301076,1909f56bfc062723c751e8b465ee728b)
Start importing Assets/Sprites/png/cat/Slide (1).png using Guid(67da22556bd1120469147f3c5dbb73be) Importer(815301076,1909f56bfc062723c751e8b465ee728b)  -> (artifact id: '31333fd98a43f78690e0bff605e14779') in 0.015159 seconds 
  Import took 0.018231 seconds .

========================================================================
Received Import Request.
  Time since last request: 0.000253 seconds.
  path: Assets/Sprites/png/cat/Slide (2).png
  artifactKey: Guid(fb9eae8f06048764a80f09c87c34198b) Importer(815301076,1909f56bfc062723c751e8b465ee728b)
Start importing Assets/Sprites/png/cat/Slide (2).png using Guid(fb9eae8f06048764a80f09c87c34198b) Importer(815301076,1909f56bfc062723c751e8b465ee728b)  -> (artifact id: '762e5f26c22950d8e7b219602565cd3e') in 0.016738 seconds 
  Import took 0.020154 seconds .

========================================================================
Received Import Request.
  Time since last request: 0.000238 seconds.
  path: Assets/Sprites/png/cat/Run (6).png
  artifactKey: Guid(0c81dfc4c1b76a2469d74da1da53421f) Importer(815301076,1909f56bfc062723c751e8b465ee728b)
Start importing Assets/Sprites/png/cat/Run (6).png using Guid(0c81dfc4c1b76a2469d74da1da53421f) Importer(815301076,1909f56bfc062723c751e8b465ee728b)  -> (artifact id: 'b5a54d0b89bcc87fb5ce3015b674401f') in 0.016286 seconds 
  Import took 0.019525 seconds .

========================================================================
Received Import Request.
  Time since last request: 0.000294 seconds.
  path: Assets/Sprites/png/cat/Run (1).png
  artifactKey: Guid(9e28634acccb19d49bcef599d7c8e5dd) Importer(815301076,1909f56bfc062723c751e8b465ee728b)
Start importing Assets/Sprites/png/cat/Run (1).png using Guid(9e28634acccb19d49bcef599d7c8e5dd) Importer(815301076,1909f56bfc062723c751e8b465ee728b)  -> (artifact id: '7b72311d5ce8309adec483a7d580af5f') in 0.016404 seconds 
  Import took 0.020091 seconds .

========================================================================
Received Import Request.
  Time since last request: 0.000248 seconds.
  path: Assets/Sprites/png/cat/Run (4).png
  artifactKey: Guid(e04926c6745976d4eab79455cb503228) Importer(815301076,1909f56bfc062723c751e8b465ee728b)
Start importing Assets/Sprites/png/cat/Run (4).png using Guid(e04926c6745976d4eab79455cb503228) Importer(815301076,1909f56bfc062723c751e8b465ee728b)  -> (artifact id: 'ba8a50461f60ca5b0ceea293c2305ef7') in 0.095598 seconds 
  Import took 0.100157 seconds .

========================================================================
Received Prepare
Registering precompiled user dll's ...
Registered in 0.004493 seconds.
Begin MonoManager ReloadAssembly
Native extension for LinuxStandalone target not found
Native extension for WindowsStandalone target not found
Native extension for WebGL target not found
Refreshing native plugins compatible for Editor in 0.48 ms, found 3 plugins.
Preloading 0 native plugins for Editor in 0.00 ms.
Mono: successfully reloaded assembly
- Completed reload, in  1.308 seconds
Domain Reload Profiling:
	ReloadAssembly (1308ms)
		BeginReloadAssembly (119ms)
			ExecutionOrderSort (0ms)
			DisableScriptedObjects (7ms)
			BackupInstance (0ms)
			ReleaseScriptingObjects (0ms)
			CreateAndSetChildDomain (38ms)
		EndReloadAssembly (1122ms)
			LoadAssemblies (93ms)
			RebuildTransferFunctionScriptingTraits (0ms)
			SetupTypeCache (389ms)
			ReleaseScriptCaches (2ms)
			RebuildScriptCaches (61ms)
			SetupLoadedEditorAssemblies (457ms)
				LogAssemblyErrors (0ms)
				InitializePlatformSupportModulesInManaged (7ms)
				SetLoadedEditorAssemblies (0ms)
				RefreshPlugins (1ms)
				BeforeProcessingInitializeOnLoad (64ms)
				ProcessInitializeOnLoadAttributes (372ms)
				ProcessInitializeOnLoadMethodAttributes (6ms)
				AfterProcessingInitializeOnLoad (7ms)
				EditorAssembliesLoaded (0ms)
			ExecutionOrderSort2 (0ms)
			AwakeInstancesAfterBackupRestoration (12ms)
Platform modules already initialized, skipping
Refreshing native plugins compatible for Editor in 0.47 ms, found 3 plugins.
Preloading 0 native plugins for Editor in 0.00 ms.
Unloading 2082 Unused Serialized files (Serialized files now loaded: 0)
System memory in use before: 96.2 MB.
System memory in use after: 96.3 MB.

Unloading 16 unused Assets to reduce memory usage. Loaded Objects now: 2540.
Total: 3.233300 ms (FindLiveObjects: 0.197300 ms CreateObjectMapping: 0.079700 ms MarkObjects: 2.935200 ms  DeleteObjects: 0.019600 ms)

AssetImportParameters requested are different than current active one (requested -> active):
  custom:framework-win-MediaFoundation: 216162199b28c13a410421893ffa2e32 -> 
  custom:video-decoder-ogg-theora: a1e56fd34408186e4bbccfd4996cb3dc -> 
  custom:container-muxer-webm: aa71ff27fc2769a1b78a27578f13a17b -> 
  custom:container-demuxer-webm: 4f35f7cbe854078d1ac9338744f61a02 -> 
  custom:container-demuxer-ogg: 62fdf1f143b41e24485cea50d1cbac27 -> 
  custom:video-encoder-webm-vp8: eb34c28f22e8b96e1ab97ce403110664 -> 
  custom:video-codec-MediaFoundation-h265: 746d11721c4dcdbdad8f713fa42b33f4 -> 
  custom:video-decoder-webm-vp8: 9c59270c3fd7afecdb556c50c9e8de78 -> 
  custom:audio-decoder-ogg-vorbis: bf7c407c2cedff20999df2af8eb42d56 -> 
  custom:audio-encoder-webm-vorbis: bf7c407c2cedff20999df2af8eb42d56 -> 
========================================================================
Received Import Request.
  Time since last request: 539.230744 seconds.
  path: Assets/Animation/Idle (1).controller
  artifactKey: Guid(dc8d83dac486c7f459341d1375c71ff2) Importer(815301076,1909f56bfc062723c751e8b465ee728b)
Start importing Assets/Animation/Idle (1).controller using Guid(dc8d83dac486c7f459341d1375c71ff2) Importer(815301076,1909f56bfc062723c751e8b465ee728b)  -> (artifact id: '2fbca24d56c5df3ad5b95cd6700e938c') in 0.021524 seconds 
  Import took 0.025638 seconds .

========================================================================
Received Import Request.
  Time since last request: 376.159623 seconds.
  path: Assets/Sprites/png/cat/Slide (3).png
  artifactKey: Guid(f77cc7adcd7de1a4d9a1e0576c727b53) Importer(815301076,1909f56bfc062723c751e8b465ee728b)
Start importing Assets/Sprites/png/cat/Slide (3).png using Guid(f77cc7adcd7de1a4d9a1e0576c727b53) Importer(815301076,1909f56bfc062723c751e8b465ee728b)  -> (artifact id: '80036e043443366194e5cbb1cae67788') in 0.056510 seconds 
  Import took 0.060849 seconds .

========================================================================
Received Import Request.
  Time since last request: 0.000051 seconds.
  path: Assets/Sprites/png/cat/Walk (1).png
  artifactKey: Guid(b85de1e1575ec294d8e6d06c5872d8a1) Importer(815301076,1909f56bfc062723c751e8b465ee728b)
Start importing Assets/Sprites/png/cat/Walk (1).png using Guid(b85de1e1575ec294d8e6d06c5872d8a1) Importer(815301076,1909f56bfc062723c751e8b465ee728b)  -> (artifact id: 'bce82ceef608ed9e153288616bf53440') in 0.021932 seconds 
  Import took 0.040205 seconds .

========================================================================
Received Import Request.
  Time since last request: 0.000289 seconds.
  path: Assets/Sprites/png/cat/Walk (5).png
  artifactKey: Guid(1906c9eec7808564e9a5ab3eb5e210e0) Importer(815301076,1909f56bfc062723c751e8b465ee728b)
Start importing Assets/Sprites/png/cat/Walk (5).png using Guid(1906c9eec7808564e9a5ab3eb5e210e0) Importer(815301076,1909f56bfc062723c751e8b465ee728b)  -> (artifact id: 'c14df70b092c22c973f191437af70206') in 0.028683 seconds 
  Import took 0.032254 seconds .

========================================================================
Received Import Request.
  Time since last request: 0.000290 seconds.
  path: Assets/Sprites/png/cat/Walk (6).png
  artifactKey: Guid(70ebd276b0542bf48ab369abd2c8443c) Importer(815301076,1909f56bfc062723c751e8b465ee728b)
Start importing Assets/Sprites/png/cat/Walk (6).png using Guid(70ebd276b0542bf48ab369abd2c8443c) Importer(815301076,1909f56bfc062723c751e8b465ee728b)  -> (artifact id: '85c8f0bb8b95861437e2b52a202da839') in 0.033813 seconds 
  Import took 0.036939 seconds .

========================================================================
Received Import Request.
  Time since last request: 0.000245 seconds.
  path: Assets/Sprites/png/cat/Walk (10).png
  artifactKey: Guid(af5e35fedeaf84d43ac212c4eb7680f8) Importer(815301076,1909f56bfc062723c751e8b465ee728b)
Start importing Assets/Sprites/png/cat/Walk (10).png using Guid(af5e35fedeaf84d43ac212c4eb7680f8) Importer(815301076,1909f56bfc062723c751e8b465ee728b)  -> (artifact id: '437979de690d73ebcab84c15a0f8eef7') in 0.018295 seconds 
  Import took 0.021365 seconds .

========================================================================
Received Import Request.
  Time since last request: 0.000221 seconds.
  path: Assets/Sprites/png/cat/Slide (6).png
  artifactKey: Guid(3852254c799ce894aa1b05878cc20956) Importer(815301076,1909f56bfc062723c751e8b465ee728b)
Start importing Assets/Sprites/png/cat/Slide (6).png using Guid(3852254c799ce894aa1b05878cc20956) Importer(815301076,1909f56bfc062723c751e8b465ee728b)  -> (artifact id: 'd5d1a65f6788c01fdbc05a3eb707f4e4') in 0.017506 seconds 
  Import took 0.032783 seconds .

========================================================================
Received Import Request.
  Time since last request: 0.000239 seconds.
  path: Assets/Sprites/png/cat/Slide (4).png
  artifactKey: Guid(9a9772fc75347d24697289c668b7291b) Importer(815301076,1909f56bfc062723c751e8b465ee728b)
Start importing Assets/Sprites/png/cat/Slide (4).png using Guid(9a9772fc75347d24697289c668b7291b) Importer(815301076,1909f56bfc062723c751e8b465ee728b)  -> (artifact id: 'd140baaacbac38b970088f6049d420df') in 0.024106 seconds 
  Import took 0.027092 seconds .

========================================================================
Received Import Request.
  Time since last request: 0.000237 seconds.
  path: Assets/Sprites/png/cat/Walk (3).png
  artifactKey: Guid(755275dbce35b6548b47a94125c0b361) Importer(815301076,1909f56bfc062723c751e8b465ee728b)
Start importing Assets/Sprites/png/cat/Walk (3).png using Guid(755275dbce35b6548b47a94125c0b361) Importer(815301076,1909f56bfc062723c751e8b465ee728b)  -> (artifact id: 'b77fe7f2e8aaa17b57e6a643410e62ec') in 0.055591 seconds 
  Import took 0.109183 seconds .

========================================================================
Received Import Request.
  Time since last request: 0.000726 seconds.
  path: Assets/Sprites/png/cat/Slide (5).png
  artifactKey: Guid(d29fc49a653111f4692c52bab987a5f4) Importer(815301076,1909f56bfc062723c751e8b465ee728b)
Start importing Assets/Sprites/png/cat/Slide (5).png using Guid(d29fc49a653111f4692c52bab987a5f4) Importer(815301076,1909f56bfc062723c751e8b465ee728b)  -> (artifact id: '5ab10a5aeba1b3f00ad8594cd6b4cee9') in 0.141616 seconds 
  Import took 0.148706 seconds .

========================================================================
Received Import Request.
  Time since last request: 0.000262 seconds.
  path: Assets/Sprites/png/cat/Slide (9).png
  artifactKey: Guid(10d9ec2438358944a808b86085424425) Importer(815301076,1909f56bfc062723c751e8b465ee728b)
Start importing Assets/Sprites/png/cat/Slide (9).png using Guid(10d9ec2438358944a808b86085424425) Importer(815301076,1909f56bfc062723c751e8b465ee728b)  -> (artifact id: '04bc8f440c7b5ecb2821d56b19810ecd') in 0.069438 seconds 
  Import took 0.102843 seconds .

========================================================================
Received Import Request.
  Time since last request: 0.000701 seconds.
  path: Assets/Sprites/png/cat/Walk (9).png
  artifactKey: Guid(68de6328aabb156429811775d9becb06) Importer(815301076,1909f56bfc062723c751e8b465ee728b)
Start importing Assets/Sprites/png/cat/Walk (9).png using Guid(68de6328aabb156429811775d9becb06) Importer(815301076,1909f56bfc062723c751e8b465ee728b)  -> (artifact id: '0cb6980a69539fbf99f3a5d052dcbd9e') in 0.032030 seconds 
  Import took 0.039286 seconds .

========================================================================
Received Import Request.
  Time since last request: 0.000243 seconds.
  path: Assets/Sprites/png/cat/Walk (7).png
  artifactKey: Guid(c53538dc79e3bf44ca0b74d13db407cb) Importer(815301076,1909f56bfc062723c751e8b465ee728b)
Start importing Assets/Sprites/png/cat/Walk (7).png using Guid(c53538dc79e3bf44ca0b74d13db407cb) Importer(815301076,1909f56bfc062723c751e8b465ee728b)  -> (artifact id: '2eacf5baf557bf42fc096f2ce367be33') in 0.058740 seconds 
  Import took 0.062254 seconds .

========================================================================
Received Import Request.
  Time since last request: 0.000261 seconds.
  path: Assets/Sprites/png/cat/Slide (8).png
  artifactKey: Guid(03b7c0ee96df2214cbbc27f5dcef92c1) Importer(815301076,1909f56bfc062723c751e8b465ee728b)
Start importing Assets/Sprites/png/cat/Slide (8).png using Guid(03b7c0ee96df2214cbbc27f5dcef92c1) Importer(815301076,1909f56bfc062723c751e8b465ee728b)  -> (artifact id: '5cd2172374ac5bd1adbbb1d7151c4516') in 0.085532 seconds 
  Import took 0.088661 seconds .

========================================================================
Received Import Request.
  Time since last request: 0.000265 seconds.
  path: Assets/Sprites/png/cat/Walk (2).png
  artifactKey: Guid(d9da70dd9d7b1d54a850a467bbc1fde3) Importer(815301076,1909f56bfc062723c751e8b465ee728b)
Start importing Assets/Sprites/png/cat/Walk (2).png using Guid(d9da70dd9d7b1d54a850a467bbc1fde3) Importer(815301076,1909f56bfc062723c751e8b465ee728b)  -> (artifact id: '7641418df2e78a158c89c671badaa856') in 0.021019 seconds 
  Import took 0.024298 seconds .

========================================================================
Received Import Request.
  Time since last request: 0.000239 seconds.
  path: Assets/Sprites/png/cat/Slide (10).png
  artifactKey: Guid(eeba39f12023eaa4e995a0d26c6eb444) Importer(815301076,1909f56bfc062723c751e8b465ee728b)
Start importing Assets/Sprites/png/cat/Slide (10).png using Guid(eeba39f12023eaa4e995a0d26c6eb444) Importer(815301076,1909f56bfc062723c751e8b465ee728b)  -> (artifact id: 'dfc36f5361397022add0b12c261df6bb') in 0.017681 seconds 
  Import took 0.035848 seconds .

========================================================================
Received Import Request.
  Time since last request: 0.000491 seconds.
  path: Assets/Sprites/png/cat/Walk (8).png
  artifactKey: Guid(fa8887ca2072b4444949a607a0bc52f7) Importer(815301076,1909f56bfc062723c751e8b465ee728b)
Start importing Assets/Sprites/png/cat/Walk (8).png using Guid(fa8887ca2072b4444949a607a0bc52f7) Importer(815301076,1909f56bfc062723c751e8b465ee728b)  -> (artifact id: '0302780ffd124269d1592dafc84d25ad') in 0.022491 seconds 
  Import took 0.027190 seconds .

========================================================================
Received Import Request.
  Time since last request: 0.000280 seconds.
  path: Assets/Sprites/png/cat/Walk (4).png
  artifactKey: Guid(25f86c37829cd0548814122f24fb0d46) Importer(815301076,1909f56bfc062723c751e8b465ee728b)
Start importing Assets/Sprites/png/cat/Walk (4).png using Guid(25f86c37829cd0548814122f24fb0d46) Importer(815301076,1909f56bfc062723c751e8b465ee728b)  -> (artifact id: '6e01558a49fd686b5f92b1cf1d394d4e') in 0.069825 seconds 
  Import took 0.089198 seconds .

========================================================================
Received Import Request.
  Time since last request: 0.000512 seconds.
  path: Assets/Sprites/png/cat/Slide (7).png
  artifactKey: Guid(9756f225cc6152646aa3b4aabbca6966) Importer(815301076,1909f56bfc062723c751e8b465ee728b)
Start importing Assets/Sprites/png/cat/Slide (7).png using Guid(9756f225cc6152646aa3b4aabbca6966) Importer(815301076,1909f56bfc062723c751e8b465ee728b)  -> (artifact id: '05a1769f54555d2bf91c56b840459d56') in 0.023609 seconds 
  Import took 0.028827 seconds .

========================================================================
Received Prepare
Registering precompiled user dll's ...
Registered in 0.006152 seconds.
Begin MonoManager ReloadAssembly
Native extension for LinuxStandalone target not found
Native extension for WindowsStandalone target not found
Native extension for WebGL target not found
Refreshing native plugins compatible for Editor in 0.46 ms, found 3 plugins.
Preloading 0 native plugins for Editor in 0.00 ms.
Mono: successfully reloaded assembly
- Completed reload, in  1.254 seconds
Domain Reload Profiling:
	ReloadAssembly (1254ms)
		BeginReloadAssembly (138ms)
			ExecutionOrderSort (0ms)
			DisableScriptedObjects (5ms)
			BackupInstance (0ms)
			ReleaseScriptingObjects (0ms)
			CreateAndSetChildDomain (39ms)
		EndReloadAssembly (1054ms)
			LoadAssemblies (104ms)
			RebuildTransferFunctionScriptingTraits (0ms)
			SetupTypeCache (286ms)
			ReleaseScriptCaches (1ms)
			RebuildScriptCaches (42ms)
			SetupLoadedEditorAssemblies (519ms)
				LogAssemblyErrors (0ms)
				InitializePlatformSupportModulesInManaged (7ms)
				SetLoadedEditorAssemblies (1ms)
				RefreshPlugins (1ms)
				BeforeProcessingInitializeOnLoad (61ms)
				ProcessInitializeOnLoadAttributes (439ms)
				ProcessInitializeOnLoadMethodAttributes (5ms)
				AfterProcessingInitializeOnLoad (7ms)
				EditorAssembliesLoaded (0ms)
			ExecutionOrderSort2 (0ms)
			AwakeInstancesAfterBackupRestoration (10ms)
Platform modules already initialized, skipping
Refreshing native plugins compatible for Editor in 0.49 ms, found 3 plugins.
Preloading 0 native plugins for Editor in 0.00 ms.
Unloading 2082 Unused Serialized files (Serialized files now loaded: 0)
System memory in use before: 96.3 MB.
System memory in use after: 96.4 MB.

Unloading 16 unused Assets to reduce memory usage. Loaded Objects now: 2544.
Total: 3.066000 ms (FindLiveObjects: 0.238200 ms CreateObjectMapping: 0.085000 ms MarkObjects: 2.724400 ms  DeleteObjects: 0.017300 ms)

AssetImportParameters requested are different than current active one (requested -> active):
  custom:framework-win-MediaFoundation: 216162199b28c13a410421893ffa2e32 -> 
  custom:video-decoder-ogg-theora: a1e56fd34408186e4bbccfd4996cb3dc -> 
  custom:container-muxer-webm: aa71ff27fc2769a1b78a27578f13a17b -> 
  custom:container-demuxer-webm: 4f35f7cbe854078d1ac9338744f61a02 -> 
  custom:container-demuxer-ogg: 62fdf1f143b41e24485cea50d1cbac27 -> 
  custom:video-encoder-webm-vp8: eb34c28f22e8b96e1ab97ce403110664 -> 
  custom:video-codec-MediaFoundation-h265: 746d11721c4dcdbdad8f713fa42b33f4 -> 
  custom:video-decoder-webm-vp8: 9c59270c3fd7afecdb556c50c9e8de78 -> 
  custom:audio-decoder-ogg-vorbis: bf7c407c2cedff20999df2af8eb42d56 -> 
  custom:audio-encoder-webm-vorbis: bf7c407c2cedff20999df2af8eb42d56 -> 
========================================================================
Received Prepare
Registering precompiled user dll's ...
Registered in 0.004574 seconds.
Begin MonoManager ReloadAssembly
Native extension for LinuxStandalone target not found
Native extension for WindowsStandalone target not found
Native extension for WebGL target not found
Refreshing native plugins compatible for Editor in 0.60 ms, found 3 plugins.
Preloading 0 native plugins for Editor in 0.00 ms.
Mono: successfully reloaded assembly
- Completed reload, in  1.216 seconds
Domain Reload Profiling:
	ReloadAssembly (1217ms)
		BeginReloadAssembly (124ms)
			ExecutionOrderSort (0ms)
			DisableScriptedObjects (8ms)
			BackupInstance (0ms)
			ReleaseScriptingObjects (0ms)
			CreateAndSetChildDomain (36ms)
		EndReloadAssembly (1027ms)
			LoadAssemblies (88ms)
			RebuildTransferFunctionScriptingTraits (0ms)
			SetupTypeCache (321ms)
			ReleaseScriptCaches (1ms)
			RebuildScriptCaches (45ms)
			SetupLoadedEditorAssemblies (459ms)
				LogAssemblyErrors (0ms)
				InitializePlatformSupportModulesInManaged (7ms)
				SetLoadedEditorAssemblies (1ms)
				RefreshPlugins (1ms)
				BeforeProcessingInitializeOnLoad (62ms)
				ProcessInitializeOnLoadAttributes (376ms)
				ProcessInitializeOnLoadMethodAttributes (5ms)
				AfterProcessingInitializeOnLoad (7ms)
				EditorAssembliesLoaded (0ms)
			ExecutionOrderSort2 (0ms)
			AwakeInstancesAfterBackupRestoration (11ms)
Platform modules already initialized, skipping
Refreshing native plugins compatible for Editor in 0.70 ms, found 3 plugins.
Preloading 0 native plugins for Editor in 0.00 ms.
Unloading 2082 Unused Serialized files (Serialized files now loaded: 0)
System memory in use before: 96.3 MB.
System memory in use after: 96.4 MB.

Unloading 16 unused Assets to reduce memory usage. Loaded Objects now: 2547.
Total: 5.017200 ms (FindLiveObjects: 0.589800 ms CreateObjectMapping: 0.190600 ms MarkObjects: 4.017800 ms  DeleteObjects: 0.216600 ms)

AssetImportParameters requested are different than current active one (requested -> active):
  custom:framework-win-MediaFoundation: 216162199b28c13a410421893ffa2e32 -> 
  custom:video-decoder-ogg-theora: a1e56fd34408186e4bbccfd4996cb3dc -> 
  custom:container-muxer-webm: aa71ff27fc2769a1b78a27578f13a17b -> 
  custom:container-demuxer-webm: 4f35f7cbe854078d1ac9338744f61a02 -> 
  custom:container-demuxer-ogg: 62fdf1f143b41e24485cea50d1cbac27 -> 
  custom:video-encoder-webm-vp8: eb34c28f22e8b96e1ab97ce403110664 -> 
  custom:video-codec-MediaFoundation-h265: 746d11721c4dcdbdad8f713fa42b33f4 -> 
  custom:video-decoder-webm-vp8: 9c59270c3fd7afecdb556c50c9e8de78 -> 
  custom:audio-decoder-ogg-vorbis: bf7c407c2cedff20999df2af8eb42d56 -> 
  custom:audio-encoder-webm-vorbis: bf7c407c2cedff20999df2af8eb42d56 -> 
========================================================================
Received Prepare
Registering precompiled user dll's ...
Registered in 0.004274 seconds.
Begin MonoManager ReloadAssembly
Native extension for LinuxStandalone target not found
Native extension for WindowsStandalone target not found
Native extension for WebGL target not found
Refreshing native plugins compatible for Editor in 0.49 ms, found 3 plugins.
Preloading 0 native plugins for Editor in 0.00 ms.
Mono: successfully reloaded assembly
- Completed reload, in  1.263 seconds
Domain Reload Profiling:
	ReloadAssembly (1263ms)
		BeginReloadAssembly (116ms)
			ExecutionOrderSort (0ms)
			DisableScriptedObjects (6ms)
			BackupInstance (0ms)
			ReleaseScriptingObjects (0ms)
			CreateAndSetChildDomain (35ms)
		EndReloadAssembly (1082ms)
			LoadAssemblies (91ms)
			RebuildTransferFunctionScriptingTraits (0ms)
			SetupTypeCache (269ms)
			ReleaseScriptCaches (1ms)
			RebuildScriptCaches (47ms)
			SetupLoadedEditorAssemblies (504ms)
				LogAssemblyErrors (0ms)
				InitializePlatformSupportModulesInManaged (7ms)
				SetLoadedEditorAssemblies (0ms)
				RefreshPlugins (1ms)
				BeforeProcessingInitializeOnLoad (62ms)
				ProcessInitializeOnLoadAttributes (420ms)
				ProcessInitializeOnLoadMethodAttributes (6ms)
				AfterProcessingInitializeOnLoad (7ms)
				EditorAssembliesLoaded (0ms)
			ExecutionOrderSort2 (0ms)
			AwakeInstancesAfterBackupRestoration (12ms)
Platform modules already initialized, skipping
Refreshing native plugins compatible for Editor in 0.49 ms, found 3 plugins.
Preloading 0 native plugins for Editor in 0.00 ms.
Unloading 2082 Unused Serialized files (Serialized files now loaded: 0)
System memory in use before: 96.3 MB.
System memory in use after: 96.4 MB.

Unloading 16 unused Assets to reduce memory usage. Loaded Objects now: 2550.
Total: 2.939000 ms (FindLiveObjects: 0.195700 ms CreateObjectMapping: 0.077200 ms MarkObjects: 2.648200 ms  DeleteObjects: 0.016800 ms)

AssetImportParameters requested are different than current active one (requested -> active):
  custom:framework-win-MediaFoundation: 216162199b28c13a410421893ffa2e32 -> 
  custom:video-decoder-ogg-theora: a1e56fd34408186e4bbccfd4996cb3dc -> 
  custom:container-muxer-webm: aa71ff27fc2769a1b78a27578f13a17b -> 
  custom:container-demuxer-webm: 4f35f7cbe854078d1ac9338744f61a02 -> 
  custom:container-demuxer-ogg: 62fdf1f143b41e24485cea50d1cbac27 -> 
  custom:video-encoder-webm-vp8: eb34c28f22e8b96e1ab97ce403110664 -> 
  custom:video-codec-MediaFoundation-h265: 746d11721c4dcdbdad8f713fa42b33f4 -> 
  custom:video-decoder-webm-vp8: 9c59270c3fd7afecdb556c50c9e8de78 -> 
  custom:audio-decoder-ogg-vorbis: bf7c407c2cedff20999df2af8eb42d56 -> 
  custom:audio-encoder-webm-vorbis: bf7c407c2cedff20999df2af8eb42d56 -> 
========================================================================
Received Prepare
Registering precompiled user dll's ...
Registered in 0.004416 seconds.
Begin MonoManager ReloadAssembly
Native extension for LinuxStandalone target not found
Native extension for WindowsStandalone target not found
Native extension for WebGL target not found
Refreshing native plugins compatible for Editor in 0.45 ms, found 3 plugins.
Preloading 0 native plugins for Editor in 0.00 ms.
Mono: successfully reloaded assembly
- Completed reload, in  1.260 seconds
Domain Reload Profiling:
	ReloadAssembly (1261ms)
		BeginReloadAssembly (120ms)
			ExecutionOrderSort (0ms)
			DisableScriptedObjects (6ms)
			BackupInstance (0ms)
			ReleaseScriptingObjects (0ms)
			CreateAndSetChildDomain (33ms)
		EndReloadAssembly (1068ms)
			LoadAssemblies (215ms)
			RebuildTransferFunctionScriptingTraits (0ms)
			SetupTypeCache (280ms)
			ReleaseScriptCaches (1ms)
			RebuildScriptCaches (39ms)
			SetupLoadedEditorAssemblies (430ms)
				LogAssemblyErrors (0ms)
				InitializePlatformSupportModulesInManaged (7ms)
				SetLoadedEditorAssemblies (0ms)
				RefreshPlugins (1ms)
				BeforeProcessingInitializeOnLoad (60ms)
				ProcessInitializeOnLoadAttributes (351ms)
				ProcessInitializeOnLoadMethodAttributes (5ms)
				AfterProcessingInitializeOnLoad (7ms)
				EditorAssembliesLoaded (0ms)
			ExecutionOrderSort2 (0ms)
			AwakeInstancesAfterBackupRestoration (10ms)
Platform modules already initialized, skipping
Refreshing native plugins compatible for Editor in 0.50 ms, found 3 plugins.
Preloading 0 native plugins for Editor in 0.00 ms.
Unloading 2082 Unused Serialized files (Serialized files now loaded: 0)
System memory in use before: 96.3 MB.
System memory in use after: 96.4 MB.

Unloading 16 unused Assets to reduce memory usage. Loaded Objects now: 2553.
Total: 3.000500 ms (FindLiveObjects: 0.183500 ms CreateObjectMapping: 0.073200 ms MarkObjects: 2.726400 ms  DeleteObjects: 0.016500 ms)

AssetImportParameters requested are different than current active one (requested -> active):
  custom:framework-win-MediaFoundation: 216162199b28c13a410421893ffa2e32 -> 
  custom:video-decoder-ogg-theora: a1e56fd34408186e4bbccfd4996cb3dc -> 
  custom:container-muxer-webm: aa71ff27fc2769a1b78a27578f13a17b -> 
  custom:container-demuxer-webm: 4f35f7cbe854078d1ac9338744f61a02 -> 
  custom:container-demuxer-ogg: 62fdf1f143b41e24485cea50d1cbac27 -> 
  custom:video-encoder-webm-vp8: eb34c28f22e8b96e1ab97ce403110664 -> 
  custom:video-codec-MediaFoundation-h265: 746d11721c4dcdbdad8f713fa42b33f4 -> 
  custom:video-decoder-webm-vp8: 9c59270c3fd7afecdb556c50c9e8de78 -> 
  custom:audio-decoder-ogg-vorbis: bf7c407c2cedff20999df2af8eb42d56 -> 
  custom:audio-encoder-webm-vorbis: bf7c407c2cedff20999df2af8eb42d56 -> 
========================================================================
Received Prepare
Registering precompiled user dll's ...
Registered in 0.004424 seconds.
Begin MonoManager ReloadAssembly
Native extension for LinuxStandalone target not found
Native extension for WindowsStandalone target not found
Native extension for WebGL target not found
Refreshing native plugins compatible for Editor in 0.60 ms, found 3 plugins.
Preloading 0 native plugins for Editor in 0.00 ms.
Mono: successfully reloaded assembly
- Completed reload, in  1.162 seconds
Domain Reload Profiling:
	ReloadAssembly (1162ms)
		BeginReloadAssembly (140ms)
			ExecutionOrderSort (0ms)
			DisableScriptedObjects (6ms)
			BackupInstance (0ms)
			ReleaseScriptingObjects (0ms)
			CreateAndSetChildDomain (38ms)
		EndReloadAssembly (963ms)
			LoadAssemblies (90ms)
			RebuildTransferFunctionScriptingTraits (0ms)
			SetupTypeCache (278ms)
			ReleaseScriptCaches (1ms)
			RebuildScriptCaches (74ms)
			SetupLoadedEditorAssemblies (413ms)
				LogAssemblyErrors (0ms)
				InitializePlatformSupportModulesInManaged (7ms)
				SetLoadedEditorAssemblies (0ms)
				RefreshPlugins (1ms)
				BeforeProcessingInitializeOnLoad (62ms)
				ProcessInitializeOnLoadAttributes (330ms)
				ProcessInitializeOnLoadMethodAttributes (5ms)
				AfterProcessingInitializeOnLoad (7ms)
				EditorAssembliesLoaded (0ms)
			ExecutionOrderSort2 (0ms)
			AwakeInstancesAfterBackupRestoration (10ms)
Platform modules already initialized, skipping
Refreshing native plugins compatible for Editor in 0.48 ms, found 3 plugins.
Preloading 0 native plugins for Editor in 0.00 ms.
Unloading 2082 Unused Serialized files (Serialized files now loaded: 0)
System memory in use before: 96.3 MB.
System memory in use after: 96.4 MB.

Unloading 16 unused Assets to reduce memory usage. Loaded Objects now: 2556.
Total: 3.069300 ms (FindLiveObjects: 0.181400 ms CreateObjectMapping: 0.073700 ms MarkObjects: 2.772300 ms  DeleteObjects: 0.041100 ms)

AssetImportParameters requested are different than current active one (requested -> active):
  custom:framework-win-MediaFoundation: 216162199b28c13a410421893ffa2e32 -> 
  custom:video-decoder-ogg-theora: a1e56fd34408186e4bbccfd4996cb3dc -> 
  custom:container-muxer-webm: aa71ff27fc2769a1b78a27578f13a17b -> 
  custom:container-demuxer-webm: 4f35f7cbe854078d1ac9338744f61a02 -> 
  custom:container-demuxer-ogg: 62fdf1f143b41e24485cea50d1cbac27 -> 
  custom:video-encoder-webm-vp8: eb34c28f22e8b96e1ab97ce403110664 -> 
  custom:video-codec-MediaFoundation-h265: 746d11721c4dcdbdad8f713fa42b33f4 -> 
  custom:video-decoder-webm-vp8: 9c59270c3fd7afecdb556c50c9e8de78 -> 
  custom:audio-decoder-ogg-vorbis: bf7c407c2cedff20999df2af8eb42d56 -> 
  custom:audio-encoder-webm-vorbis: bf7c407c2cedff20999df2af8eb42d56 -> 
========================================================================
Received Prepare
Registering precompiled user dll's ...
Registered in 0.004341 seconds.
Begin MonoManager ReloadAssembly
Native extension for LinuxStandalone target not found
Native extension for WindowsStandalone target not found
Native extension for WebGL target not found
Refreshing native plugins compatible for Editor in 0.51 ms, found 3 plugins.
Preloading 0 native plugins for Editor in 0.00 ms.
Mono: successfully reloaded assembly
- Completed reload, in  1.146 seconds
Domain Reload Profiling:
	ReloadAssembly (1146ms)
		BeginReloadAssembly (115ms)
			ExecutionOrderSort (0ms)
			DisableScriptedObjects (6ms)
			BackupInstance (0ms)
			ReleaseScriptingObjects (0ms)
			CreateAndSetChildDomain (36ms)
		EndReloadAssembly (963ms)
			LoadAssemblies (91ms)
			RebuildTransferFunctionScriptingTraits (0ms)
			SetupTypeCache (272ms)
			ReleaseScriptCaches (1ms)
			RebuildScriptCaches (40ms)
			SetupLoadedEditorAssemblies (463ms)
				LogAssemblyErrors (0ms)
				InitializePlatformSupportModulesInManaged (7ms)
				SetLoadedEditorAssemblies (0ms)
				RefreshPlugins (1ms)
				BeforeProcessingInitializeOnLoad (69ms)
				ProcessInitializeOnLoadAttributes (375ms)
				ProcessInitializeOnLoadMethodAttributes (5ms)
				AfterProcessingInitializeOnLoad (6ms)
				EditorAssembliesLoaded (0ms)
			ExecutionOrderSort2 (0ms)
			AwakeInstancesAfterBackupRestoration (10ms)
Platform modules already initialized, skipping
Refreshing native plugins compatible for Editor in 0.57 ms, found 3 plugins.
Preloading 0 native plugins for Editor in 0.00 ms.
Unloading 2082 Unused Serialized files (Serialized files now loaded: 0)
System memory in use before: 96.3 MB.
System memory in use after: 96.5 MB.

Unloading 16 unused Assets to reduce memory usage. Loaded Objects now: 2559.
Total: 6.647200 ms (FindLiveObjects: 0.265400 ms CreateObjectMapping: 0.335100 ms MarkObjects: 6.013500 ms  DeleteObjects: 0.031500 ms)

AssetImportParameters requested are different than current active one (requested -> active):
  custom:framework-win-MediaFoundation: 216162199b28c13a410421893ffa2e32 -> 
  custom:video-decoder-ogg-theora: a1e56fd34408186e4bbccfd4996cb3dc -> 
  custom:container-muxer-webm: aa71ff27fc2769a1b78a27578f13a17b -> 
  custom:container-demuxer-webm: 4f35f7cbe854078d1ac9338744f61a02 -> 
  custom:container-demuxer-ogg: 62fdf1f143b41e24485cea50d1cbac27 -> 
  custom:video-encoder-webm-vp8: eb34c28f22e8b96e1ab97ce403110664 -> 
  custom:video-codec-MediaFoundation-h265: 746d11721c4dcdbdad8f713fa42b33f4 -> 
  custom:video-decoder-webm-vp8: 9c59270c3fd7afecdb556c50c9e8de78 -> 
  custom:audio-decoder-ogg-vorbis: bf7c407c2cedff20999df2af8eb42d56 -> 
  custom:audio-encoder-webm-vorbis: bf7c407c2cedff20999df2af8eb42d56 -> 
========================================================================
Received Prepare
Registering precompiled user dll's ...
Registered in 0.004241 seconds.
Begin MonoManager ReloadAssembly
Native extension for LinuxStandalone target not found
Native extension for WindowsStandalone target not found
Native extension for WebGL target not found
Refreshing native plugins compatible for Editor in 0.64 ms, found 3 plugins.
Preloading 0 native plugins for Editor in 0.00 ms.
Mono: successfully reloaded assembly
- Completed reload, in  1.475 seconds
Domain Reload Profiling:
	ReloadAssembly (1475ms)
		BeginReloadAssembly (118ms)
			ExecutionOrderSort (0ms)
			DisableScriptedObjects (7ms)
			BackupInstance (0ms)
			ReleaseScriptingObjects (0ms)
			CreateAndSetChildDomain (32ms)
		EndReloadAssembly (1259ms)
			LoadAssemblies (106ms)
			RebuildTransferFunctionScriptingTraits (0ms)
			SetupTypeCache (342ms)
			ReleaseScriptCaches (1ms)
			RebuildScriptCaches (96ms)
			SetupLoadedEditorAssemblies (466ms)
				LogAssemblyErrors (0ms)
				InitializePlatformSupportModulesInManaged (8ms)
				SetLoadedEditorAssemblies (0ms)
				RefreshPlugins (1ms)
				BeforeProcessingInitializeOnLoad (71ms)
				ProcessInitializeOnLoadAttributes (372ms)
				ProcessInitializeOnLoadMethodAttributes (6ms)
				AfterProcessingInitializeOnLoad (8ms)
				EditorAssembliesLoaded (0ms)
			ExecutionOrderSort2 (0ms)
			AwakeInstancesAfterBackupRestoration (12ms)
Platform modules already initialized, skipping
Refreshing native plugins compatible for Editor in 0.52 ms, found 3 plugins.
Preloading 0 native plugins for Editor in 0.00 ms.
Unloading 2082 Unused Serialized files (Serialized files now loaded: 0)
System memory in use before: 96.3 MB.
System memory in use after: 96.5 MB.

Unloading 16 unused Assets to reduce memory usage. Loaded Objects now: 2562.
Total: 3.453000 ms (FindLiveObjects: 0.227600 ms CreateObjectMapping: 0.097100 ms MarkObjects: 3.106500 ms  DeleteObjects: 0.020600 ms)

AssetImportParameters requested are different than current active one (requested -> active):
  custom:framework-win-MediaFoundation: 216162199b28c13a410421893ffa2e32 -> 
  custom:video-decoder-ogg-theora: a1e56fd34408186e4bbccfd4996cb3dc -> 
  custom:container-muxer-webm: aa71ff27fc2769a1b78a27578f13a17b -> 
  custom:container-demuxer-webm: 4f35f7cbe854078d1ac9338744f61a02 -> 
  custom:container-demuxer-ogg: 62fdf1f143b41e24485cea50d1cbac27 -> 
  custom:video-encoder-webm-vp8: eb34c28f22e8b96e1ab97ce403110664 -> 
  custom:video-codec-MediaFoundation-h265: 746d11721c4dcdbdad8f713fa42b33f4 -> 
  custom:video-decoder-webm-vp8: 9c59270c3fd7afecdb556c50c9e8de78 -> 
  custom:audio-decoder-ogg-vorbis: bf7c407c2cedff20999df2af8eb42d56 -> 
  custom:audio-encoder-webm-vorbis: bf7c407c2cedff20999df2af8eb42d56 -> 
========================================================================
Received Prepare
Registering precompiled user dll's ...
Registered in 0.004260 seconds.
Begin MonoManager ReloadAssembly
Native extension for LinuxStandalone target not found
Native extension for WindowsStandalone target not found
Native extension for WebGL target not found
Refreshing native plugins compatible for Editor in 0.69 ms, found 3 plugins.
Preloading 0 native plugins for Editor in 0.00 ms.
Mono: successfully reloaded assembly
- Completed reload, in  1.095 seconds
Domain Reload Profiling:
	ReloadAssembly (1096ms)
		BeginReloadAssembly (118ms)
			ExecutionOrderSort (0ms)
			DisableScriptedObjects (6ms)
			BackupInstance (0ms)
			ReleaseScriptingObjects (0ms)
			CreateAndSetChildDomain (34ms)
		EndReloadAssembly (911ms)
			LoadAssemblies (91ms)
			RebuildTransferFunctionScriptingTraits (0ms)
			SetupTypeCache (281ms)
			ReleaseScriptCaches (1ms)
			RebuildScriptCaches (41ms)
			SetupLoadedEditorAssemblies (399ms)
				LogAssemblyErrors (0ms)
				InitializePlatformSupportModulesInManaged (9ms)
				SetLoadedEditorAssemblies (1ms)
				RefreshPlugins (1ms)
				BeforeProcessingInitializeOnLoad (61ms)
				ProcessInitializeOnLoadAttributes (315ms)
				ProcessInitializeOnLoadMethodAttributes (5ms)
				AfterProcessingInitializeOnLoad (7ms)
				EditorAssembliesLoaded (0ms)
			ExecutionOrderSort2 (0ms)
			AwakeInstancesAfterBackupRestoration (10ms)
Platform modules already initialized, skipping
Refreshing native plugins compatible for Editor in 0.50 ms, found 3 plugins.
Preloading 0 native plugins for Editor in 0.00 ms.
Unloading 2082 Unused Serialized files (Serialized files now loaded: 0)
System memory in use before: 96.4 MB.
System memory in use after: 96.5 MB.

Unloading 16 unused Assets to reduce memory usage. Loaded Objects now: 2565.
Total: 3.161900 ms (FindLiveObjects: 0.229000 ms CreateObjectMapping: 0.093400 ms MarkObjects: 2.821300 ms  DeleteObjects: 0.017500 ms)

AssetImportParameters requested are different than current active one (requested -> active):
  custom:framework-win-MediaFoundation: 216162199b28c13a410421893ffa2e32 -> 
  custom:video-decoder-ogg-theora: a1e56fd34408186e4bbccfd4996cb3dc -> 
  custom:container-muxer-webm: aa71ff27fc2769a1b78a27578f13a17b -> 
  custom:container-demuxer-webm: 4f35f7cbe854078d1ac9338744f61a02 -> 
  custom:container-demuxer-ogg: 62fdf1f143b41e24485cea50d1cbac27 -> 
  custom:video-encoder-webm-vp8: eb34c28f22e8b96e1ab97ce403110664 -> 
  custom:video-codec-MediaFoundation-h265: 746d11721c4dcdbdad8f713fa42b33f4 -> 
  custom:video-decoder-webm-vp8: 9c59270c3fd7afecdb556c50c9e8de78 -> 
  custom:audio-decoder-ogg-vorbis: bf7c407c2cedff20999df2af8eb42d56 -> 
  custom:audio-encoder-webm-vorbis: bf7c407c2cedff20999df2af8eb42d56 -> 
========================================================================
Received Prepare
Registering precompiled user dll's ...
Registered in 0.004954 seconds.
Begin MonoManager ReloadAssembly
Native extension for LinuxStandalone target not found
Native extension for WindowsStandalone target not found
Native extension for WebGL target not found
Refreshing native plugins compatible for Editor in 0.47 ms, found 3 plugins.
Preloading 0 native plugins for Editor in 0.00 ms.
Mono: successfully reloaded assembly
- Completed reload, in  1.190 seconds
Domain Reload Profiling:
	ReloadAssembly (1191ms)
		BeginReloadAssembly (114ms)
			ExecutionOrderSort (0ms)
			DisableScriptedObjects (7ms)
			BackupInstance (0ms)
			ReleaseScriptingObjects (0ms)
			CreateAndSetChildDomain (32ms)
		EndReloadAssembly (1014ms)
			LoadAssemblies (91ms)
			RebuildTransferFunctionScriptingTraits (0ms)
			SetupTypeCache (281ms)
			ReleaseScriptCaches (1ms)
			RebuildScriptCaches (88ms)
			SetupLoadedEditorAssemblies (447ms)
				LogAssemblyErrors (0ms)
				InitializePlatformSupportModulesInManaged (7ms)
				SetLoadedEditorAssemblies (0ms)
				RefreshPlugins (1ms)
				BeforeProcessingInitializeOnLoad (61ms)
				ProcessInitializeOnLoadAttributes (365ms)
				ProcessInitializeOnLoadMethodAttributes (6ms)
				AfterProcessingInitializeOnLoad (6ms)
				EditorAssembliesLoaded (0ms)
			ExecutionOrderSort2 (0ms)
			AwakeInstancesAfterBackupRestoration (10ms)
Platform modules already initialized, skipping
Refreshing native plugins compatible for Editor in 0.46 ms, found 3 plugins.
Preloading 0 native plugins for Editor in 0.00 ms.
Unloading 2082 Unused Serialized files (Serialized files now loaded: 0)
System memory in use before: 96.4 MB.
System memory in use after: 96.5 MB.

Unloading 16 unused Assets to reduce memory usage. Loaded Objects now: 2568.
Total: 3.050600 ms (FindLiveObjects: 0.184500 ms CreateObjectMapping: 0.070400 ms MarkObjects: 2.777000 ms  DeleteObjects: 0.017700 ms)

AssetImportParameters requested are different than current active one (requested -> active):
  custom:framework-win-MediaFoundation: 216162199b28c13a410421893ffa2e32 -> 
  custom:video-decoder-ogg-theora: a1e56fd34408186e4bbccfd4996cb3dc -> 
  custom:container-muxer-webm: aa71ff27fc2769a1b78a27578f13a17b -> 
  custom:container-demuxer-webm: 4f35f7cbe854078d1ac9338744f61a02 -> 
  custom:container-demuxer-ogg: 62fdf1f143b41e24485cea50d1cbac27 -> 
  custom:video-encoder-webm-vp8: eb34c28f22e8b96e1ab97ce403110664 -> 
  custom:video-codec-MediaFoundation-h265: 746d11721c4dcdbdad8f713fa42b33f4 -> 
  custom:video-decoder-webm-vp8: 9c59270c3fd7afecdb556c50c9e8de78 -> 
  custom:audio-decoder-ogg-vorbis: bf7c407c2cedff20999df2af8eb42d56 -> 
  custom:audio-encoder-webm-vorbis: bf7c407c2cedff20999df2af8eb42d56 -> 
========================================================================
Received Prepare
Registering precompiled user dll's ...
Registered in 0.004293 seconds.
Begin MonoManager ReloadAssembly
Native extension for LinuxStandalone target not found
Native extension for WindowsStandalone target not found
Native extension for WebGL target not found
Refreshing native plugins compatible for Editor in 0.49 ms, found 3 plugins.
Preloading 0 native plugins for Editor in 0.00 ms.
Mono: successfully reloaded assembly
- Completed reload, in  1.148 seconds
Domain Reload Profiling:
	ReloadAssembly (1149ms)
		BeginReloadAssembly (122ms)
			ExecutionOrderSort (0ms)
			DisableScriptedObjects (7ms)
			BackupInstance (0ms)
			ReleaseScriptingObjects (0ms)
			CreateAndSetChildDomain (33ms)
		EndReloadAssembly (961ms)
			LoadAssemblies (90ms)
			RebuildTransferFunctionScriptingTraits (0ms)
			SetupTypeCache (271ms)
			ReleaseScriptCaches (1ms)
			RebuildScriptCaches (40ms)
			SetupLoadedEditorAssemblies (460ms)
				LogAssemblyErrors (0ms)
				InitializePlatformSupportModulesInManaged (7ms)
				SetLoadedEditorAssemblies (0ms)
				RefreshPlugins (1ms)
				BeforeProcessingInitializeOnLoad (64ms)
				ProcessInitializeOnLoadAttributes (376ms)
				ProcessInitializeOnLoadMethodAttributes (5ms)
				AfterProcessingInitializeOnLoad (7ms)
				EditorAssembliesLoaded (0ms)
			ExecutionOrderSort2 (0ms)
			AwakeInstancesAfterBackupRestoration (11ms)
Platform modules already initialized, skipping
Refreshing native plugins compatible for Editor in 0.69 ms, found 3 plugins.
Preloading 0 native plugins for Editor in 0.00 ms.
Unloading 2082 Unused Serialized files (Serialized files now loaded: 0)
System memory in use before: 96.4 MB.
System memory in use after: 96.5 MB.

Unloading 16 unused Assets to reduce memory usage. Loaded Objects now: 2571.
Total: 3.468600 ms (FindLiveObjects: 0.225400 ms CreateObjectMapping: 0.084700 ms MarkObjects: 3.131900 ms  DeleteObjects: 0.025300 ms)

AssetImportParameters requested are different than current active one (requested -> active):
  custom:framework-win-MediaFoundation: 216162199b28c13a410421893ffa2e32 -> 
  custom:video-decoder-ogg-theora: a1e56fd34408186e4bbccfd4996cb3dc -> 
  custom:container-muxer-webm: aa71ff27fc2769a1b78a27578f13a17b -> 
  custom:container-demuxer-webm: 4f35f7cbe854078d1ac9338744f61a02 -> 
  custom:container-demuxer-ogg: 62fdf1f143b41e24485cea50d1cbac27 -> 
  custom:video-encoder-webm-vp8: eb34c28f22e8b96e1ab97ce403110664 -> 
  custom:video-codec-MediaFoundation-h265: 746d11721c4dcdbdad8f713fa42b33f4 -> 
  custom:video-decoder-webm-vp8: 9c59270c3fd7afecdb556c50c9e8de78 -> 
  custom:audio-decoder-ogg-vorbis: bf7c407c2cedff20999df2af8eb42d56 -> 
  custom:audio-encoder-webm-vorbis: bf7c407c2cedff20999df2af8eb42d56 -> 
========================================================================
Received Prepare
Registering precompiled user dll's ...
Registered in 0.004252 seconds.
Begin MonoManager ReloadAssembly
Native extension for LinuxStandalone target not found
Native extension for WindowsStandalone target not found
Native extension for WebGL target not found
Refreshing native plugins compatible for Editor in 0.49 ms, found 3 plugins.
Preloading 0 native plugins for Editor in 0.00 ms.
Mono: successfully reloaded assembly
- Completed reload, in  1.185 seconds
Domain Reload Profiling:
	ReloadAssembly (1185ms)
		BeginReloadAssembly (156ms)
			ExecutionOrderSort (0ms)
			DisableScriptedObjects (6ms)
			BackupInstance (0ms)
			ReleaseScriptingObjects (0ms)
			CreateAndSetChildDomain (50ms)
		EndReloadAssembly (961ms)
			LoadAssemblies (94ms)
			RebuildTransferFunctionScriptingTraits (0ms)
			SetupTypeCache (262ms)
			ReleaseScriptCaches (1ms)
			RebuildScriptCaches (88ms)
			SetupLoadedEditorAssemblies (414ms)
				LogAssemblyErrors (0ms)
				InitializePlatformSupportModulesInManaged (7ms)
				SetLoadedEditorAssemblies (0ms)
				RefreshPlugins (1ms)
				BeforeProcessingInitializeOnLoad (64ms)
				ProcessInitializeOnLoadAttributes (331ms)
				ProcessInitializeOnLoadMethodAttributes (5ms)
				AfterProcessingInitializeOnLoad (7ms)
				EditorAssembliesLoaded (0ms)
			ExecutionOrderSort2 (0ms)
			AwakeInstancesAfterBackupRestoration (10ms)
Platform modules already initialized, skipping
Refreshing native plugins compatible for Editor in 0.50 ms, found 3 plugins.
Preloading 0 native plugins for Editor in 0.00 ms.
Unloading 2082 Unused Serialized files (Serialized files now loaded: 0)
System memory in use before: 96.4 MB.
System memory in use after: 96.5 MB.

Unloading 16 unused Assets to reduce memory usage. Loaded Objects now: 2574.
Total: 3.031800 ms (FindLiveObjects: 0.179200 ms CreateObjectMapping: 0.063400 ms MarkObjects: 2.771800 ms  DeleteObjects: 0.016700 ms)

AssetImportParameters requested are different than current active one (requested -> active):
  custom:framework-win-MediaFoundation: 216162199b28c13a410421893ffa2e32 -> 
  custom:video-decoder-ogg-theora: a1e56fd34408186e4bbccfd4996cb3dc -> 
  custom:container-muxer-webm: aa71ff27fc2769a1b78a27578f13a17b -> 
  custom:container-demuxer-webm: 4f35f7cbe854078d1ac9338744f61a02 -> 
  custom:container-demuxer-ogg: 62fdf1f143b41e24485cea50d1cbac27 -> 
  custom:video-encoder-webm-vp8: eb34c28f22e8b96e1ab97ce403110664 -> 
  custom:video-codec-MediaFoundation-h265: 746d11721c4dcdbdad8f713fa42b33f4 -> 
  custom:video-decoder-webm-vp8: 9c59270c3fd7afecdb556c50c9e8de78 -> 
  custom:audio-decoder-ogg-vorbis: bf7c407c2cedff20999df2af8eb42d56 -> 
  custom:audio-encoder-webm-vorbis: bf7c407c2cedff20999df2af8eb42d56 -> 
========================================================================
Received Prepare
Registering precompiled user dll's ...
Registered in 0.005475 seconds.
Begin MonoManager ReloadAssembly
Native extension for LinuxStandalone target not found
Native extension for WindowsStandalone target not found
Native extension for WebGL target not found
Refreshing native plugins compatible for Editor in 0.47 ms, found 3 plugins.
Preloading 0 native plugins for Editor in 0.00 ms.
Mono: successfully reloaded assembly
- Completed reload, in  1.392 seconds
Domain Reload Profiling:
	ReloadAssembly (1392ms)
		BeginReloadAssembly (119ms)
			ExecutionOrderSort (0ms)
			DisableScriptedObjects (6ms)
			BackupInstance (0ms)
			ReleaseScriptingObjects (0ms)
			CreateAndSetChildDomain (32ms)
		EndReloadAssembly (1200ms)
			LoadAssemblies (97ms)
			RebuildTransferFunctionScriptingTraits (0ms)
			SetupTypeCache (267ms)
			ReleaseScriptCaches (1ms)
			RebuildScriptCaches (41ms)
			SetupLoadedEditorAssemblies (701ms)
				LogAssemblyErrors (0ms)
				InitializePlatformSupportModulesInManaged (7ms)
				SetLoadedEditorAssemblies (0ms)
				RefreshPlugins (1ms)
				BeforeProcessingInitializeOnLoad (60ms)
				ProcessInitializeOnLoadAttributes (621ms)
				ProcessInitializeOnLoadMethodAttributes (5ms)
				AfterProcessingInitializeOnLoad (7ms)
				EditorAssembliesLoaded (0ms)
			ExecutionOrderSort2 (0ms)
			AwakeInstancesAfterBackupRestoration (11ms)
Platform modules already initialized, skipping
Refreshing native plugins compatible for Editor in 0.88 ms, found 3 plugins.
Preloading 0 native plugins for Editor in 0.00 ms.
Unloading 2082 Unused Serialized files (Serialized files now loaded: 0)
System memory in use before: 96.4 MB.
System memory in use after: 96.5 MB.

Unloading 16 unused Assets to reduce memory usage. Loaded Objects now: 2577.
Total: 3.260800 ms (FindLiveObjects: 0.216500 ms CreateObjectMapping: 0.074100 ms MarkObjects: 2.948400 ms  DeleteObjects: 0.020700 ms)

AssetImportParameters requested are different than current active one (requested -> active):
  custom:framework-win-MediaFoundation: 216162199b28c13a410421893ffa2e32 -> 
  custom:video-decoder-ogg-theora: a1e56fd34408186e4bbccfd4996cb3dc -> 
  custom:container-muxer-webm: aa71ff27fc2769a1b78a27578f13a17b -> 
  custom:container-demuxer-webm: 4f35f7cbe854078d1ac9338744f61a02 -> 
  custom:container-demuxer-ogg: 62fdf1f143b41e24485cea50d1cbac27 -> 
  custom:video-encoder-webm-vp8: eb34c28f22e8b96e1ab97ce403110664 -> 
  custom:video-codec-MediaFoundation-h265: 746d11721c4dcdbdad8f713fa42b33f4 -> 
  custom:video-decoder-webm-vp8: 9c59270c3fd7afecdb556c50c9e8de78 -> 
  custom:audio-decoder-ogg-vorbis: bf7c407c2cedff20999df2af8eb42d56 -> 
  custom:audio-encoder-webm-vorbis: bf7c407c2cedff20999df2af8eb42d56 -> 
========================================================================
Received Prepare
Refreshing native plugins compatible for Editor in 3.90 ms, found 3 plugins.
Preloading 0 native plugins for Editor in 0.00 ms.
Unloading 14 Unused Serialized files (Serialized files now loaded: 0)
System memory in use before: 54.9 MB.
System memory in use after: 55.0 MB.

Unloading 14 unused Assets to reduce memory usage. Loaded Objects now: 2577.
Total: 3.031500 ms (FindLiveObjects: 0.187500 ms CreateObjectMapping: 0.069800 ms MarkObjects: 2.758400 ms  DeleteObjects: 0.015200 ms)

AssetImportParameters requested are different than current active one (requested -> active):
  custom:framework-win-MediaFoundation: 216162199b28c13a410421893ffa2e32 -> 
  custom:video-decoder-ogg-theora: a1e56fd34408186e4bbccfd4996cb3dc -> 
  custom:container-muxer-webm: aa71ff27fc2769a1b78a27578f13a17b -> 
  custom:container-demuxer-webm: 4f35f7cbe854078d1ac9338744f61a02 -> 
  custom:container-demuxer-ogg: 62fdf1f143b41e24485cea50d1cbac27 -> 
  custom:video-encoder-webm-vp8: eb34c28f22e8b96e1ab97ce403110664 -> 
  custom:video-codec-MediaFoundation-h265: 746d11721c4dcdbdad8f713fa42b33f4 -> 
  custom:video-decoder-webm-vp8: 9c59270c3fd7afecdb556c50c9e8de78 -> 
  custom:audio-decoder-ogg-vorbis: bf7c407c2cedff20999df2af8eb42d56 -> 
  custom:audio-encoder-webm-vorbis: bf7c407c2cedff20999df2af8eb42d56 -> 
AssetImportWorkerClient::OnTransportError - code=2 error=End of file
